#
# There is insufficient memory for the Java Runtime Environment to continue.
# Native memory allocation (mmap) failed to map 349175808 bytes for G1 virtual space
# Possible reasons:
#   The system is out of physical RAM or swap space
#   The process is running with CompressedOops enabled, and the Java Heap may be blocking the growth of the native heap
# Possible solutions:
#   Reduce memory load on the system
#   Increase physical memory or swap space
#   Check if swap backing store is full
#   Decrease Java heap size (-Xmx/-Xms)
#   Decrease number of Java threads
#   Decrease Java thread stack sizes (-Xss)
#   Set larger code cache with -XX:ReservedCodeCacheSize=
#   JVM is running with Unscaled Compressed Oops mode in which the Java heap is
#     placed in the first 4GB address space. The Java Heap base address is the
#     maximum limit for the native heap growth. Please use -XX:HeapBaseMinAddress
#     to set the Java Heap base and to place the Java Heap above 4GB virtual address.
# This output file may be truncated or incomplete.
#
#  Out of Memory Error (os_windows.cpp:3769), pid=18520, tid=12960
#
# JRE version: OpenJDK Runtime Environment (17.0.6) (build 17.0.6+0-b2043.56-10027231)
# Java VM: OpenJDK 64-Bit Server VM (17.0.6+0-b2043.56-10027231, mixed mode, tiered, compressed oops, compressed class ptrs, g1 gc, windows-amd64)
# No core dump will be written. Minidumps are not enabled by default on client versions of Windows
#

---------------  S U M M A R Y ------------

Command Line: --add-opens=java.base/java.util=ALL-UNNAMED --add-opens=java.base/java.lang=ALL-UNNAMED --add-opens=java.base/java.lang.invoke=ALL-UNNAMED --add-opens=java.prefs/java.util.prefs=ALL-UNNAMED --add-opens=java.base/java.nio.charset=ALL-UNNAMED --add-opens=java.base/java.net=ALL-UNNAMED --add-opens=java.base/java.util.concurrent.atomic=ALL-UNNAMED -Xmx2048m -Dfile.encoding=UTF-8 -Duser.country=MY -Duser.language=en -Duser.variant org.gradle.launcher.daemon.bootstrap.GradleDaemon 8.0

Host: AMD Ryzen 3 5300U with Radeon Graphics         , 8 cores, 3G,  Windows 11 , 64 bit Build 22621 (10.0.22621.2506)
Time: Sun Nov 26 14:25:08 2023 Malay Peninsula Standard Time elapsed time: 52.128384 seconds (0d 0h 0m 52s)

---------------  T H R E A D  ---------------

Current thread (0x00000297ecc81950):  VMThread "VM Thread" [stack: 0x000000b279000000,0x000000b279100000] [id=12960]

Stack: [0x000000b279000000,0x000000b279100000]
Native frames: (J=compiled Java code, j=interpreted, Vv=VM code, C=native code)
V  [jvm.dll+0x683c9a]
V  [jvm.dll+0x8427a4]
V  [jvm.dll+0x843f9e]
V  [jvm.dll+0x844603]
V  [jvm.dll+0x249b75]
V  [jvm.dll+0x680b69]
V  [jvm.dll+0x67505a]
V  [jvm.dll+0x309acb]
V  [jvm.dll+0x310f86]
V  [jvm.dll+0x3608ee]
V  [jvm.dll+0x360b1f]
V  [jvm.dll+0x2dfbf8]
V  [jvm.dll+0x2ddec4]
V  [jvm.dll+0x2dd4cc]
V  [jvm.dll+0x321f3b]
V  [jvm.dll+0x848ccb]
V  [jvm.dll+0x849a04]
V  [jvm.dll+0x849f1d]
V  [jvm.dll+0x84a2f4]
V  [jvm.dll+0x84a3c0]
V  [jvm.dll+0x7f274a]
V  [jvm.dll+0x682ad5]
C  [ucrtbase.dll+0x29363]
C  [KERNEL32.DLL+0x1257d]
C  [ntdll.dll+0x5aa58]

VM_Operation (0x000000b27a9f2ad0): G1CollectForAllocation, mode: safepoint, requested by thread 0x00000297ee6b7380


---------------  P R O C E S S  ---------------

Threads class SMR info:
_java_thread_list=0x00000297fc30daa0, length=126, elements={
0x00000297d2e577e0, 0x00000297ecc83560, 0x00000297ecc843d0, 0x00000297eccc64c0,
0x00000297eccc9080, 0x00000297ecccbb40, 0x00000297ecccc4f0, 0x00000297ed80ab20,
0x00000297ed80b420, 0x00000297ed811d40, 0x00000297ed97a650, 0x00000297ed97ab20,
0x00000297ee54b4c0, 0x00000297eec1d6b0, 0x00000297ef161370, 0x00000297efc67320,
0x00000297edb84c00, 0x00000297ee6fb4b0, 0x00000297ee6b7380, 0x00000297edd46a30,
0x00000297edd46090, 0x00000297edd48710, 0x00000297edd490b0, 0x00000297edd46560,
0x00000297edd478a0, 0x00000297edd456f0, 0x00000297edd45bc0, 0x00000297edd46f00,
0x00000297edd473d0, 0x00000297edd47d70, 0x00000297edd48240, 0x00000297edd48be0,
0x00000297f0b50d30, 0x00000297f0b4eb80, 0x00000297f0b52070, 0x00000297f0b51200,
0x00000297f0b51ba0, 0x00000297f0b4fec0, 0x00000297f0b516d0, 0x00000297f0b4dd10,
0x00000297f0b4cea0, 0x00000297f0b50860, 0x00000297f0b50390, 0x00000297f0b4e1e0,
0x00000297f0b4d370, 0x00000297f0b4bb60, 0x00000297f0b52ee0, 0x00000297f0b4f050,
0x00000297f0b4f520, 0x00000297f0b4c030, 0x00000297f0b4c9d0, 0x00000297f0b4f9f0,
0x00000297f240a8e0, 0x00000297f240adb0, 0x00000297f240b750, 0x00000297f2408730,
0x00000297f240c0f0, 0x00000297f240bc20, 0x00000297f240c5c0, 0x00000297f240ca90,
0x00000297f2408c00, 0x00000297f24095a0, 0x00000297f240cf60, 0x00000297f240d430,
0x00000297f240d900, 0x00000297f2409f40, 0x00000297f24078c0, 0x00000297f240ddd0,
0x00000297f240e770, 0x00000297f240b280, 0x00000297f2408260, 0x00000297f240e2a0,
0x00000297f2406f20, 0x00000297f24090d0, 0x00000297f2409a70, 0x00000297f240a410,
0x00000297f24073f0, 0x00000297f2407d90, 0x00000297f2001d70, 0x00000297f1fffbc0,
0x00000297f2003f20, 0x00000297f1ffed50, 0x00000297f2004d90, 0x00000297f2002240,
0x00000297f1ffe880, 0x00000297f20013d0, 0x00000297f20043f0, 0x00000297f20018a0,
0x00000297f1fff6f0, 0x00000297f1fff220, 0x00000297f1ffe3b0, 0x00000297f2005730,
0x00000297f2002710, 0x00000297f2002be0, 0x00000297f2003580, 0x00000297f20030b0,
0x00000297f2003a50, 0x00000297f20048c0, 0x00000297f2000090, 0x00000297f2000a30,
0x00000297f2005260, 0x00000297f1ffdee0, 0x00000297f2000560, 0x00000297f2000f00,
0x00000297f1d61760, 0x00000297f1d5d400, 0x00000297f1d61290, 0x00000297f1d62aa0,
0x00000297f1d60420, 0x00000297f1d60dc0, 0x00000297f1d608f0, 0x00000297f1d625d0,
0x00000297f1d62f70, 0x00000297f1d61c30, 0x00000297f1d5c0c0, 0x00000297f1d62100,
0x00000297f1d63440, 0x00000297f1d63910, 0x00000297f1d5cf30, 0x00000297f1d5c590,
0x00000297f1d5d8d0, 0x00000297f1d5ca60, 0x00000297f1d5dda0, 0x00000297f1d5ff50,
0x00000297f1d5fa80, 0x00000297f1d5e270
}

Java Threads: ( => current thread )
  0x00000297d2e577e0 JavaThread "main" [_thread_blocked, id=21068, stack(0x000000b278a00000,0x000000b278b00000)]
  0x00000297ecc83560 JavaThread "Reference Handler" daemon [_thread_blocked, id=22492, stack(0x000000b279100000,0x000000b279200000)]
  0x00000297ecc843d0 JavaThread "Finalizer" daemon [_thread_blocked, id=22888, stack(0x000000b279200000,0x000000b279300000)]
  0x00000297eccc64c0 JavaThread "Signal Dispatcher" daemon [_thread_blocked, id=8116, stack(0x000000b279300000,0x000000b279400000)]
  0x00000297eccc9080 JavaThread "Attach Listener" daemon [_thread_blocked, id=13128, stack(0x000000b279400000,0x000000b279500000)]
  0x00000297ecccbb40 JavaThread "Service Thread" daemon [_thread_blocked, id=7632, stack(0x000000b279500000,0x000000b279600000)]
  0x00000297ecccc4f0 JavaThread "Monitor Deflation Thread" daemon [_thread_blocked, id=18848, stack(0x000000b279600000,0x000000b279700000)]
  0x00000297ed80ab20 JavaThread "C2 CompilerThread0" daemon [_thread_blocked, id=20264, stack(0x000000b279700000,0x000000b279800000)]
  0x00000297ed80b420 JavaThread "C1 CompilerThread0" daemon [_thread_blocked, id=10944, stack(0x000000b279800000,0x000000b279900000)]
  0x00000297ed811d40 JavaThread "Sweeper thread" daemon [_thread_blocked, id=6536, stack(0x000000b279900000,0x000000b279a00000)]
  0x00000297ed97a650 JavaThread "Common-Cleaner" daemon [_thread_blocked, id=12940, stack(0x000000b279a00000,0x000000b279b00000)]
  0x00000297ed97ab20 JavaThread "Notification Thread" daemon [_thread_blocked, id=17096, stack(0x000000b279b00000,0x000000b279c00000)]
  0x00000297ee54b4c0 JavaThread "Daemon health stats" [_thread_blocked, id=15596, stack(0x000000b27a100000,0x000000b27a200000)]
  0x00000297eec1d6b0 JavaThread "Incoming local TCP Connector on port 63738" [_thread_in_native, id=22636, stack(0x000000b27a400000,0x000000b27a500000)]
  0x00000297ef161370 JavaThread "Daemon periodic checks" [_thread_blocked, id=11560, stack(0x000000b27a500000,0x000000b27a600000)]
  0x00000297efc67320 JavaThread "Daemon" [_thread_blocked, id=18512, stack(0x000000b27a600000,0x000000b27a700000)]
  0x00000297edb84c00 JavaThread "Handler for socket connection from /127.0.0.1:63738 to /127.0.0.1:63739" [_thread_in_native, id=5732, stack(0x000000b27a700000,0x000000b27a800000)]
  0x00000297ee6fb4b0 JavaThread "Cancel handler" [_thread_blocked, id=13036, stack(0x000000b27a800000,0x000000b27a900000)]
  0x00000297ee6b7380 JavaThread "Daemon worker" [_thread_blocked, id=5032, stack(0x000000b27a900000,0x000000b27aa00000)]
  0x00000297edd46a30 JavaThread "Asynchronous log dispatcher for DefaultDaemonConnection: socket connection from /127.0.0.1:63738 to /127.0.0.1:63739" [_thread_blocked, id=8692, stack(0x000000b27aa00000,0x000000b27ab00000)]
  0x00000297edd46090 JavaThread "Stdin handler" [_thread_blocked, id=18460, stack(0x000000b27ab00000,0x000000b27ac00000)]
  0x00000297edd48710 JavaThread "Daemon client event forwarder" [_thread_blocked, id=23556, stack(0x000000b27ac00000,0x000000b27ad00000)]
  0x00000297edd490b0 JavaThread "Cache worker for journal cache (C:\Users\Admin\.gradle\caches\journal-1)" [_thread_blocked, id=18608, stack(0x000000b27af00000,0x000000b27b000000)]
  0x00000297edd46560 JavaThread "File lock request listener" [_thread_in_native, id=24128, stack(0x000000b27b000000,0x000000b27b100000)]
  0x00000297edd478a0 JavaThread "Cache worker for file hash cache (C:\Users\Admin\.gradle\caches\8.0\fileHashes)" [_thread_blocked, id=6624, stack(0x000000b27b100000,0x000000b27b200000)]
  0x00000297edd456f0 JavaThread "File watcher server" daemon [_thread_in_native, id=21816, stack(0x000000b27b200000,0x000000b27b300000)]
  0x00000297edd45bc0 JavaThread "File watcher consumer" daemon [_thread_blocked, id=12768, stack(0x000000b27b300000,0x000000b27b400000)]
  0x00000297edd46f00 JavaThread "jar transforms" [_thread_blocked, id=1832, stack(0x000000b27b400000,0x000000b27b500000)]
  0x00000297edd473d0 JavaThread "jar transforms Thread 2" [_thread_blocked, id=21756, stack(0x000000b27b500000,0x000000b27b600000)]
  0x00000297edd47d70 JavaThread "jar transforms Thread 3" [_thread_blocked, id=23776, stack(0x000000b27b600000,0x000000b27b700000)]
  0x00000297edd48240 JavaThread "jar transforms Thread 4" [_thread_blocked, id=23696, stack(0x000000b27b700000,0x000000b27b800000)]
  0x00000297edd48be0 JavaThread "jar transforms Thread 5" [_thread_blocked, id=14076, stack(0x000000b27b800000,0x000000b27b900000)]
  0x00000297f0b50d30 JavaThread "jar transforms Thread 6" [_thread_blocked, id=17224, stack(0x000000b27b900000,0x000000b27ba00000)]
  0x00000297f0b4eb80 JavaThread "jar transforms Thread 7" [_thread_blocked, id=7752, stack(0x000000b27ba00000,0x000000b27bb00000)]
  0x00000297f0b52070 JavaThread "jar transforms Thread 8" [_thread_blocked, id=12936, stack(0x000000b27bb00000,0x000000b27bc00000)]
  0x00000297f0b51200 JavaThread "Cache worker for checksums cache (C:\Users\Admin\AndroidStudioProjects\lab3offlinedatabase\.gradle\8.0\checksums)" [_thread_blocked, id=22128, stack(0x000000b27bc00000,0x000000b27bd00000)]
  0x00000297f0b51ba0 JavaThread "Cache worker for cache directory md-rule (C:\Users\Admin\.gradle\caches\8.0\md-rule)" [_thread_blocked, id=23316, stack(0x000000b27bd00000,0x000000b27be00000)]
  0x00000297f0b4fec0 JavaThread "Cache worker for file content cache (C:\Users\Admin\.gradle\caches\8.0\fileContent)" [_thread_blocked, id=8564, stack(0x000000b27be00000,0x000000b27bf00000)]
  0x00000297f0b516d0 JavaThread "Cache worker for file hash cache (C:\Users\Admin\AndroidStudioProjects\lab3offlinedatabase\.gradle\8.0\fileHashes)" [_thread_blocked, id=19992, stack(0x000000b27bf00000,0x000000b27c000000)]
  0x00000297f0b4dd10 JavaThread "Cache worker for cache directory md-supplier (C:\Users\Admin\.gradle\caches\8.0\md-supplier)" [_thread_blocked, id=20460, stack(0x000000b27c000000,0x000000b27c100000)]
  0x00000297f0b4cea0 JavaThread "Cache worker for execution history cache (C:\Users\Admin\.gradle\caches\8.0\executionHistory)" [_thread_blocked, id=12728, stack(0x000000b27c100000,0x000000b27c200000)]
  0x00000297f0b50860 JavaThread "Cache worker for kotlin-dsl (C:\Users\Admin\.gradle\caches\8.0\kotlin-dsl)" [_thread_blocked, id=11524, stack(0x000000b27c200000,0x000000b27c300000)]
  0x00000297f0b50390 JavaThread "Cache worker for dependencies-accessors (C:\Users\Admin\AndroidStudioProjects\lab3offlinedatabase\.gradle\8.0\dependencies-accessors)" [_thread_blocked, id=8396, stack(0x000000b27c300000,0x000000b27c400000)]
  0x00000297f0b4e1e0 JavaThread "Cache worker for Build Output Cleanup Cache (C:\Users\Admin\AndroidStudioProjects\lab3offlinedatabase\.gradle\buildOutputCleanup)" [_thread_blocked, id=20456, stack(0x000000b27c400000,0x000000b27c500000)]
  0x00000297f0b4d370 JavaThread "Unconstrained build operations" [_thread_blocked, id=12072, stack(0x000000b27c500000,0x000000b27c600000)]
  0x00000297f0b4bb60 JavaThread "Unconstrained build operations Thread 2" [_thread_blocked, id=6368, stack(0x000000b27c600000,0x000000b27c700000)]
  0x00000297f0b52ee0 JavaThread "Unconstrained build operations Thread 3" [_thread_blocked, id=9240, stack(0x000000b27c700000,0x000000b27c800000)]
  0x00000297f0b4f050 JavaThread "Unconstrained build operations Thread 4" [_thread_blocked, id=15364, stack(0x000000b27c800000,0x000000b27c900000)]
  0x00000297f0b4f520 JavaThread "Unconstrained build operations Thread 5" [_thread_blocked, id=2268, stack(0x000000b27c900000,0x000000b27ca00000)]
  0x00000297f0b4c030 JavaThread "Unconstrained build operations Thread 6" [_thread_blocked, id=22132, stack(0x000000b27ca00000,0x000000b27cb00000)]
  0x00000297f0b4c9d0 JavaThread "Unconstrained build operations Thread 7" [_thread_blocked, id=16704, stack(0x000000b27cb00000,0x000000b27cc00000)]
  0x00000297f0b4f9f0 JavaThread "Unconstrained build operations Thread 8" [_thread_blocked, id=12864, stack(0x000000b27cc00000,0x000000b27cd00000)]
  0x00000297f240a8e0 JavaThread "Unconstrained build operations Thread 9" [_thread_blocked, id=20476, stack(0x000000b27cd00000,0x000000b27ce00000)]
  0x00000297f240adb0 JavaThread "Unconstrained build operations Thread 10" [_thread_blocked, id=13164, stack(0x000000b27ce00000,0x000000b27cf00000)]
  0x00000297f240b750 JavaThread "Unconstrained build operations Thread 11" [_thread_blocked, id=21476, stack(0x000000b27cf00000,0x000000b27d000000)]
  0x00000297f2408730 JavaThread "Unconstrained build operations Thread 12" [_thread_blocked, id=16396, stack(0x000000b27d000000,0x000000b27d100000)]
  0x00000297f240c0f0 JavaThread "Unconstrained build operations Thread 13" [_thread_blocked, id=3048, stack(0x000000b27d100000,0x000000b27d200000)]
  0x00000297f240bc20 JavaThread "Unconstrained build operations Thread 14" [_thread_blocked, id=20852, stack(0x000000b27d200000,0x000000b27d300000)]
  0x00000297f240c5c0 JavaThread "Unconstrained build operations Thread 15" [_thread_blocked, id=23748, stack(0x000000b27d300000,0x000000b27d400000)]
  0x00000297f240ca90 JavaThread "Unconstrained build operations Thread 16" [_thread_blocked, id=20140, stack(0x000000b27d400000,0x000000b27d500000)]
  0x00000297f2408c00 JavaThread "Unconstrained build operations Thread 17" [_thread_blocked, id=18576, stack(0x000000b27d500000,0x000000b27d600000)]
  0x00000297f24095a0 JavaThread "Unconstrained build operations Thread 18" [_thread_blocked, id=17364, stack(0x000000b27d600000,0x000000b27d700000)]
  0x00000297f240cf60 JavaThread "Unconstrained build operations Thread 19" [_thread_blocked, id=6452, stack(0x000000b27d700000,0x000000b27d800000)]
  0x00000297f240d430 JavaThread "Unconstrained build operations Thread 20" [_thread_blocked, id=15204, stack(0x000000b27d800000,0x000000b27d900000)]
  0x00000297f240d900 JavaThread "Unconstrained build operations Thread 21" [_thread_blocked, id=6964, stack(0x000000b27d900000,0x000000b27da00000)]
  0x00000297f2409f40 JavaThread "Unconstrained build operations Thread 22" [_thread_blocked, id=9088, stack(0x000000b27da00000,0x000000b27db00000)]
  0x00000297f24078c0 JavaThread "Unconstrained build operations Thread 23" [_thread_blocked, id=14616, stack(0x000000b27db00000,0x000000b27dc00000)]
  0x00000297f240ddd0 JavaThread "Unconstrained build operations Thread 24" [_thread_blocked, id=17480, stack(0x000000b27dc00000,0x000000b27dd00000)]
  0x00000297f240e770 JavaThread "Unconstrained build operations Thread 25" [_thread_blocked, id=3956, stack(0x000000b27dd00000,0x000000b27de00000)]
  0x00000297f240b280 JavaThread "Unconstrained build operations Thread 26" [_thread_blocked, id=15504, stack(0x000000b27de00000,0x000000b27df00000)]
  0x00000297f2408260 JavaThread "Unconstrained build operations Thread 27" [_thread_blocked, id=1660, stack(0x000000b27df00000,0x000000b27e000000)]
  0x00000297f240e2a0 JavaThread "Unconstrained build operations Thread 28" [_thread_blocked, id=7552, stack(0x000000b27e000000,0x000000b27e100000)]
  0x00000297f2406f20 JavaThread "Unconstrained build operations Thread 29" [_thread_blocked, id=18144, stack(0x000000b27e100000,0x000000b27e200000)]
  0x00000297f24090d0 JavaThread "Unconstrained build operations Thread 30" [_thread_blocked, id=22216, stack(0x000000b27e200000,0x000000b27e300000)]
  0x00000297f2409a70 JavaThread "Unconstrained build operations Thread 31" [_thread_blocked, id=22940, stack(0x000000b27e300000,0x000000b27e400000)]
  0x00000297f240a410 JavaThread "Unconstrained build operations Thread 32" [_thread_blocked, id=6256, stack(0x000000b27e400000,0x000000b27e500000)]
  0x00000297f24073f0 JavaThread "Unconstrained build operations Thread 33" [_thread_blocked, id=22108, stack(0x000000b27e500000,0x000000b27e600000)]
  0x00000297f2407d90 JavaThread "Unconstrained build operations Thread 34" [_thread_blocked, id=14724, stack(0x000000b27e600000,0x000000b27e700000)]
  0x00000297f2001d70 JavaThread "Unconstrained build operations Thread 35" [_thread_blocked, id=17888, stack(0x000000b27e700000,0x000000b27e800000)]
  0x00000297f1fffbc0 JavaThread "Unconstrained build operations Thread 36" [_thread_blocked, id=15568, stack(0x000000b27e800000,0x000000b27e900000)]
  0x00000297f2003f20 JavaThread "Unconstrained build operations Thread 37" [_thread_blocked, id=12372, stack(0x000000b27e900000,0x000000b27ea00000)]
  0x00000297f1ffed50 JavaThread "Unconstrained build operations Thread 38" [_thread_blocked, id=3368, stack(0x000000b27ea00000,0x000000b27eb00000)]
  0x00000297f2004d90 JavaThread "Unconstrained build operations Thread 39" [_thread_blocked, id=15756, stack(0x000000b27eb00000,0x000000b27ec00000)]
  0x00000297f2002240 JavaThread "Unconstrained build operations Thread 40" [_thread_blocked, id=19220, stack(0x000000b27ec00000,0x000000b27ed00000)]
  0x00000297f1ffe880 JavaThread "Unconstrained build operations Thread 41" [_thread_blocked, id=2808, stack(0x000000b27ed00000,0x000000b27ee00000)]
  0x00000297f20013d0 JavaThread "Unconstrained build operations Thread 42" [_thread_blocked, id=20176, stack(0x000000b27ee00000,0x000000b27ef00000)]
  0x00000297f20043f0 JavaThread "Unconstrained build operations Thread 43" [_thread_blocked, id=21808, stack(0x000000b27ef00000,0x000000b27f000000)]
  0x00000297f20018a0 JavaThread "Unconstrained build operations Thread 44" [_thread_blocked, id=22996, stack(0x000000b27f000000,0x000000b27f100000)]
  0x00000297f1fff6f0 JavaThread "Unconstrained build operations Thread 45" [_thread_blocked, id=17928, stack(0x000000b27f100000,0x000000b27f200000)]
  0x00000297f1fff220 JavaThread "Unconstrained build operations Thread 46" [_thread_blocked, id=15340, stack(0x000000b27f200000,0x000000b27f300000)]
  0x00000297f1ffe3b0 JavaThread "Unconstrained build operations Thread 47" [_thread_blocked, id=13632, stack(0x000000b27f300000,0x000000b27f400000)]
  0x00000297f2005730 JavaThread "Unconstrained build operations Thread 48" [_thread_blocked, id=6384, stack(0x000000b27f400000,0x000000b27f500000)]
  0x00000297f2002710 JavaThread "Unconstrained build operations Thread 49" [_thread_blocked, id=12748, stack(0x000000b27f500000,0x000000b27f600000)]
  0x00000297f2002be0 JavaThread "Unconstrained build operations Thread 50" [_thread_blocked, id=22688, stack(0x000000b27f600000,0x000000b27f700000)]
  0x00000297f2003580 JavaThread "Unconstrained build operations Thread 51" [_thread_blocked, id=17596, stack(0x000000b27f700000,0x000000b27f800000)]
  0x00000297f20030b0 JavaThread "Unconstrained build operations Thread 52" [_thread_blocked, id=5624, stack(0x000000b27f800000,0x000000b27f900000)]
  0x00000297f2003a50 JavaThread "Unconstrained build operations Thread 53" [_thread_blocked, id=20624, stack(0x000000b27f900000,0x000000b27fa00000)]
  0x00000297f20048c0 JavaThread "Unconstrained build operations Thread 54" [_thread_blocked, id=16680, stack(0x000000b27fa00000,0x000000b27fb00000)]
  0x00000297f2000090 JavaThread "Unconstrained build operations Thread 55" [_thread_blocked, id=2624, stack(0x000000b27fb00000,0x000000b27fc00000)]
  0x00000297f2000a30 JavaThread "Unconstrained build operations Thread 56" [_thread_blocked, id=11396, stack(0x000000b27fc00000,0x000000b27fd00000)]
  0x00000297f2005260 JavaThread "Unconstrained build operations Thread 57" [_thread_blocked, id=4972, stack(0x000000b27fd00000,0x000000b27fe00000)]
  0x00000297f1ffdee0 JavaThread "Unconstrained build operations Thread 58" [_thread_blocked, id=4312, stack(0x000000b27fe00000,0x000000b27ff00000)]
  0x00000297f2000560 JavaThread "Unconstrained build operations Thread 59" [_thread_blocked, id=12724, stack(0x000000b27ff00000,0x000000b280000000)]
  0x00000297f2000f00 JavaThread "Unconstrained build operations Thread 60" [_thread_blocked, id=4332, stack(0x000000b200000000,0x000000b200100000)]
  0x00000297f1d61760 JavaThread "Unconstrained build operations Thread 61" [_thread_blocked, id=21268, stack(0x000000b200100000,0x000000b200200000)]
  0x00000297f1d5d400 JavaThread "Unconstrained build operations Thread 62" [_thread_blocked, id=14552, stack(0x000000b200200000,0x000000b200300000)]
  0x00000297f1d61290 JavaThread "Unconstrained build operations Thread 63" [_thread_blocked, id=21584, stack(0x000000b200300000,0x000000b200400000)]
  0x00000297f1d62aa0 JavaThread "Unconstrained build operations Thread 64" [_thread_blocked, id=9992, stack(0x000000b200400000,0x000000b200500000)]
  0x00000297f1d60420 JavaThread "Unconstrained build operations Thread 65" [_thread_blocked, id=6940, stack(0x000000b200500000,0x000000b200600000)]
  0x00000297f1d60dc0 JavaThread "Unconstrained build operations Thread 66" [_thread_blocked, id=23700, stack(0x000000b200600000,0x000000b200700000)]
  0x00000297f1d608f0 JavaThread "Unconstrained build operations Thread 67" [_thread_blocked, id=20344, stack(0x000000b200700000,0x000000b200800000)]
  0x00000297f1d625d0 JavaThread "Unconstrained build operations Thread 68" [_thread_blocked, id=20400, stack(0x000000b200800000,0x000000b200900000)]
  0x00000297f1d62f70 JavaThread "Unconstrained build operations Thread 69" [_thread_blocked, id=15960, stack(0x000000b200900000,0x000000b200a00000)]
  0x00000297f1d61c30 JavaThread "Unconstrained build operations Thread 70" [_thread_blocked, id=2436, stack(0x000000b200a00000,0x000000b200b00000)]
  0x00000297f1d5c0c0 JavaThread "Unconstrained build operations Thread 71" [_thread_blocked, id=2208, stack(0x000000b200b00000,0x000000b200c00000)]
  0x00000297f1d62100 JavaThread "Unconstrained build operations Thread 72" [_thread_blocked, id=23724, stack(0x000000b200c00000,0x000000b200d00000)]
  0x00000297f1d63440 JavaThread "Unconstrained build operations Thread 73" [_thread_blocked, id=22220, stack(0x000000b200d00000,0x000000b200e00000)]
  0x00000297f1d63910 JavaThread "Unconstrained build operations Thread 74" [_thread_blocked, id=20556, stack(0x000000b200e00000,0x000000b200f00000)]
  0x00000297f1d5cf30 JavaThread "Unconstrained build operations Thread 75" [_thread_blocked, id=23920, stack(0x000000b200f00000,0x000000b201000000)]
  0x00000297f1d5c590 JavaThread "Unconstrained build operations Thread 76" [_thread_blocked, id=21152, stack(0x000000b201000000,0x000000b201100000)]
  0x00000297f1d5d8d0 JavaThread "Unconstrained build operations Thread 77" [_thread_blocked, id=20436, stack(0x000000b201100000,0x000000b201200000)]
  0x00000297f1d5ca60 JavaThread "Unconstrained build operations Thread 78" [_thread_blocked, id=24044, stack(0x000000b201200000,0x000000b201300000)]
  0x00000297f1d5dda0 JavaThread "Unconstrained build operations Thread 79" [_thread_blocked, id=19828, stack(0x000000b201300000,0x000000b201400000)]
  0x00000297f1d5ff50 JavaThread "Unconstrained build operations Thread 80" [_thread_blocked, id=4816, stack(0x000000b201400000,0x000000b201500000)]
  0x00000297f1d5fa80 JavaThread "File lock release action executor" [_thread_blocked, id=18868, stack(0x000000b201500000,0x000000b201600000)]
  0x00000297f1d5e270 JavaThread "Memory manager" [_thread_blocked, id=5552, stack(0x000000b201600000,0x000000b201700000)]

Other Threads:
=>0x00000297ecc81950 VMThread "VM Thread" [stack: 0x000000b279000000,0x000000b279100000] [id=12960]
  0x00000297d2ed3820 WatcherThread [stack: 0x000000b279c00000,0x000000b279d00000] [id=15808]
  0x00000297d2eb2970 GCTaskThread "GC Thread#0" [stack: 0x000000b278b00000,0x000000b278c00000] [id=16836]
  0x00000297ee5a01f0 GCTaskThread "GC Thread#1" [stack: 0x000000b279d00000,0x000000b279e00000] [id=11168]
  0x00000297ee6cb9a0 GCTaskThread "GC Thread#2" [stack: 0x000000b279e00000,0x000000b279f00000] [id=17900]
  0x00000297ee6cbc50 GCTaskThread "GC Thread#3" [stack: 0x000000b279f00000,0x000000b27a000000] [id=12496]
  0x00000297ee543dc0 GCTaskThread "GC Thread#4" [stack: 0x000000b27a000000,0x000000b27a100000] [id=22848]
  0x00000297ef05d200 GCTaskThread "GC Thread#5" [stack: 0x000000b27a200000,0x000000b27a300000] [id=20052]
  0x00000297ee956790 GCTaskThread "GC Thread#6" [stack: 0x000000b27a300000,0x000000b27a400000] [id=10752]
  0x00000297ef0d4940 GCTaskThread "GC Thread#7" [stack: 0x000000b27ad00000,0x000000b27ae00000] [id=21600]
  0x00000297d2ec4050 ConcurrentGCThread "G1 Main Marker" [stack: 0x000000b278c00000,0x000000b278d00000] [id=13396]
  0x00000297d2ec4a60 ConcurrentGCThread "G1 Conc#0" [stack: 0x000000b278d00000,0x000000b278e00000] [id=15776]
  0x00000297ee5e29f0 ConcurrentGCThread "G1 Conc#1" [stack: 0x000000b27ae00000,0x000000b27af00000] [id=15864]
  0x00000297d2f128b0 ConcurrentGCThread "G1 Refine#0" [stack: 0x000000b278e00000,0x000000b278f00000] [id=10108]
  0x00000297f40fa050 ConcurrentGCThread "G1 Refine#1" [stack: 0x000000b201900000,0x000000b201a00000] [id=13992]
  0x00000297f40fd410 ConcurrentGCThread "G1 Refine#2" [stack: 0x000000b201a00000,0x000000b201b00000] [id=11672]
  0x00000297f40fd9d0 ConcurrentGCThread "G1 Refine#3" [stack: 0x000000b201b00000,0x000000b201c00000] [id=23164]
  0x00000297f40fd130 ConcurrentGCThread "G1 Refine#4" [stack: 0x000000b201c00000,0x000000b201d00000] [id=12552]
  0x00000297f40fd6f0 ConcurrentGCThread "G1 Refine#5" [stack: 0x000000b201d00000,0x000000b201e00000] [id=15144]
  0x00000297f40fc2d0 ConcurrentGCThread "G1 Refine#6" [stack: 0x000000b201e00000,0x000000b201f00000] [id=12400]
  0x00000297f40fbd10 ConcurrentGCThread "G1 Refine#7" [stack: 0x000000b201f00000,0x000000b202000000] [id=20408]
  0x00000297d2f132d0 ConcurrentGCThread "G1 Service" [stack: 0x000000b278f00000,0x000000b279000000] [id=8900]

Threads with active compile tasks:
C2 CompilerThread0    52173 11379       4       java.lang.ClassLoader::defineClass (43 bytes)

VM state: at safepoint (normal execution)

VM Mutex/Monitor currently owned by a thread:  ([mutex/lock_event])
[0x00000297d2e52790] Threads_lock - owner thread: 0x00000297ecc81950
[0x00000297d2e51110] Heap_lock - owner thread: 0x00000297ee6b7380

Heap address: 0x0000000080000000, size: 2048 MB, Compressed Oops mode: 32-bit

CDS archive(s) not mapped
Compressed class space mapped at: 0x0000000100000000-0x0000000140000000, reserved size: 1073741824
Narrow klass base: 0x0000000000000000, Narrow klass shift: 3, Narrow klass range: 0x140000000

GC Precious Log:
 CPUs: 8 total, 8 available
 Memory: 3446M
 Large Page Support: Disabled
 NUMA Support: Disabled
 Compressed Oops: Enabled (32-bit)
 Heap Region Size: 1M
 Heap Min Capacity: 8M
 Heap Initial Capacity: 54M
 Heap Max Capacity: 2G
 Pre-touch: Disabled
 Parallel Workers: 8
 Concurrent Workers: 2
 Concurrent Refinement Workers: 8
 Periodic GC: Disabled

Heap:
 garbage-first heap   total 281600K, used 145285K [0x0000000080000000, 0x0000000100000000)
  region size 1024K, 5 young (5120K), 5 survivors (5120K)
 Metaspace       used 121171K, committed 121920K, reserved 1155072K
  class space    used 15856K, committed 16192K, reserved 1048576K

Heap Regions: E=young(eden), S=young(survivor), O=old, HS=humongous(starts), HC=humongous(continues), CS=collection set, F=free, OA=open archive, CA=closed archive, TAMS=top-at-mark-start (previous, next)
|   0|0x0000000080000000, 0x0000000080100000, 0x0000000080100000|100%|HS|  |TAMS 0x0000000080100000, 0x0000000080000000| Complete 
|   1|0x0000000080100000, 0x0000000080200000, 0x0000000080200000|100%|HC|  |TAMS 0x0000000080200000, 0x0000000080100000| Complete 
|   2|0x0000000080200000, 0x0000000080300000, 0x0000000080300000|100%|HC|  |TAMS 0x0000000080300000, 0x0000000080200000| Complete 
|   3|0x0000000080300000, 0x0000000080400000, 0x0000000080400000|100%|HC|  |TAMS 0x0000000080400000, 0x0000000080300000| Complete 
|   4|0x0000000080400000, 0x0000000080500000, 0x0000000080500000|100%| O|  |TAMS 0x0000000080500000, 0x0000000080400000| Untracked 
|   5|0x0000000080500000, 0x0000000080600000, 0x0000000080600000|100%| O|  |TAMS 0x0000000080600000, 0x0000000080500000| Untracked 
|   6|0x0000000080600000, 0x0000000080700000, 0x0000000080700000|100%| O|  |TAMS 0x0000000080700000, 0x0000000080600000| Untracked 
|   7|0x0000000080700000, 0x0000000080800000, 0x0000000080800000|100%| O|  |TAMS 0x0000000080800000, 0x0000000080700000| Untracked 
|   8|0x0000000080800000, 0x0000000080900000, 0x0000000080900000|100%| O|  |TAMS 0x0000000080900000, 0x0000000080800000| Untracked 
|   9|0x0000000080900000, 0x0000000080a00000, 0x0000000080a00000|100%| O|  |TAMS 0x0000000080a00000, 0x0000000080900000| Untracked 
|  10|0x0000000080a00000, 0x0000000080b00000, 0x0000000080b00000|100%| O|  |TAMS 0x0000000080b00000, 0x0000000080a00000| Untracked 
|  11|0x0000000080b00000, 0x0000000080c00000, 0x0000000080c00000|100%| O|  |TAMS 0x0000000080c00000, 0x0000000080b00000| Untracked 
|  12|0x0000000080c00000, 0x0000000080d00000, 0x0000000080d00000|100%| O|  |TAMS 0x0000000080d00000, 0x0000000080c00000| Untracked 
|  13|0x0000000080d00000, 0x0000000080e00000, 0x0000000080e00000|100%| O|  |TAMS 0x0000000080e00000, 0x0000000080d00000| Untracked 
|  14|0x0000000080e00000, 0x0000000080f00000, 0x0000000080f00000|100%| O|  |TAMS 0x0000000080f00000, 0x0000000080e00000| Untracked 
|  15|0x0000000080f00000, 0x0000000081000000, 0x0000000081000000|100%| O|  |TAMS 0x0000000081000000, 0x0000000080f00000| Untracked 
|  16|0x0000000081000000, 0x0000000081100000, 0x0000000081100000|100%| O|  |TAMS 0x0000000081100000, 0x0000000081000000| Untracked 
|  17|0x0000000081100000, 0x0000000081200000, 0x0000000081200000|100%| O|  |TAMS 0x0000000081200000, 0x0000000081100000| Untracked 
|  18|0x0000000081200000, 0x0000000081300000, 0x0000000081300000|100%|HS|  |TAMS 0x0000000081300000, 0x0000000081200000| Complete 
|  19|0x0000000081300000, 0x0000000081400000, 0x0000000081400000|100%|HC|  |TAMS 0x0000000081400000, 0x0000000081300000| Complete 
|  20|0x0000000081400000, 0x0000000081500000, 0x0000000081500000|100%|HS|  |TAMS 0x0000000081500000, 0x0000000081400000| Complete 
|  21|0x0000000081500000, 0x0000000081600000, 0x0000000081600000|100%|HC|  |TAMS 0x0000000081600000, 0x0000000081500000| Complete 
|  22|0x0000000081600000, 0x0000000081700000, 0x0000000081700000|100%|HC|  |TAMS 0x0000000081700000, 0x0000000081600000| Complete 
|  23|0x0000000081700000, 0x0000000081800000, 0x0000000081800000|100%| O|  |TAMS 0x0000000081800000, 0x0000000081700000| Untracked 
|  24|0x0000000081800000, 0x0000000081900000, 0x0000000081900000|100%| O|  |TAMS 0x0000000081900000, 0x0000000081800000| Untracked 
|  25|0x0000000081900000, 0x0000000081a00000, 0x0000000081a00000|100%|HS|  |TAMS 0x0000000081a00000, 0x0000000081900000| Complete 
|  26|0x0000000081a00000, 0x0000000081b00000, 0x0000000081b00000|100%|HC|  |TAMS 0x0000000081b00000, 0x0000000081a00000| Complete 
|  27|0x0000000081b00000, 0x0000000081c00000, 0x0000000081c00000|100%|HC|  |TAMS 0x0000000081c00000, 0x0000000081b00000| Complete 
|  28|0x0000000081c00000, 0x0000000081d00000, 0x0000000081d00000|100%| O|  |TAMS 0x0000000081d00000, 0x0000000081c00000| Untracked 
|  29|0x0000000081d00000, 0x0000000081e00000, 0x0000000081e00000|100%| O|  |TAMS 0x0000000081e00000, 0x0000000081d00000| Untracked 
|  30|0x0000000081e00000, 0x0000000081f00000, 0x0000000081f00000|100%| O|  |TAMS 0x0000000081e00000, 0x0000000081e00000| Untracked 
|  31|0x0000000081f00000, 0x0000000082000000, 0x0000000082000000|100%|HS|  |TAMS 0x0000000082000000, 0x0000000081f00000| Complete 
|  32|0x0000000082000000, 0x0000000082100000, 0x0000000082100000|100%|HC|  |TAMS 0x0000000082100000, 0x0000000082000000| Complete 
|  33|0x0000000082100000, 0x0000000082200000, 0x0000000082200000|100%|HC|  |TAMS 0x0000000082200000, 0x0000000082100000| Complete 
|  34|0x0000000082200000, 0x0000000082300000, 0x0000000082300000|100%|HC|  |TAMS 0x0000000082300000, 0x0000000082200000| Complete 
|  35|0x0000000082300000, 0x0000000082400000, 0x0000000082400000|100%|HC|  |TAMS 0x0000000082400000, 0x0000000082300000| Complete 
|  36|0x0000000082400000, 0x0000000082500000, 0x0000000082500000|100%|HC|  |TAMS 0x0000000082500000, 0x0000000082400000| Complete 
|  37|0x0000000082500000, 0x0000000082600000, 0x0000000082600000|100%|HC|  |TAMS 0x0000000082600000, 0x0000000082500000| Complete 
|  38|0x0000000082600000, 0x0000000082700000, 0x0000000082700000|100%|HC|  |TAMS 0x0000000082700000, 0x0000000082600000| Complete 
|  39|0x0000000082700000, 0x0000000082800000, 0x0000000082800000|100%|HC|  |TAMS 0x0000000082800000, 0x0000000082700000| Complete 
|  40|0x0000000082800000, 0x0000000082900000, 0x0000000082900000|100%|HC|  |TAMS 0x0000000082900000, 0x0000000082800000| Complete 
|  41|0x0000000082900000, 0x0000000082a00000, 0x0000000082a00000|100%|HC|  |TAMS 0x0000000082a00000, 0x0000000082900000| Complete 
|  42|0x0000000082a00000, 0x0000000082b00000, 0x0000000082b00000|100%|HC|  |TAMS 0x0000000082b00000, 0x0000000082a00000| Complete 
|  43|0x0000000082b00000, 0x0000000082c00000, 0x0000000082c00000|100%|HS|  |TAMS 0x0000000082c00000, 0x0000000082b00000| Complete 
|  44|0x0000000082c00000, 0x0000000082d00000, 0x0000000082d00000|100%|HC|  |TAMS 0x0000000082d00000, 0x0000000082c00000| Complete 
|  45|0x0000000082d00000, 0x0000000082e00000, 0x0000000082e00000|100%| O|  |TAMS 0x0000000082e00000, 0x0000000082d00000| Untracked 
|  46|0x0000000082e00000, 0x0000000082f00000, 0x0000000082f00000|100%| O|  |TAMS 0x0000000082f00000, 0x0000000082e00000| Untracked 
|  47|0x0000000082f00000, 0x0000000083000000, 0x0000000083000000|100%| O|  |TAMS 0x0000000083000000, 0x0000000082f00000| Untracked 
|  48|0x0000000083000000, 0x0000000083100000, 0x0000000083100000|100%| O|  |TAMS 0x0000000083100000, 0x0000000083000000| Untracked 
|  49|0x0000000083100000, 0x0000000083200000, 0x0000000083200000|100%|HS|  |TAMS 0x0000000083200000, 0x0000000083100000| Complete 
|  50|0x0000000083200000, 0x0000000083300000, 0x0000000083300000|100%| O|  |TAMS 0x0000000083300000, 0x0000000083200000| Untracked 
|  51|0x0000000083300000, 0x0000000083400000, 0x0000000083400000|100%| O|  |TAMS 0x0000000083400000, 0x0000000083300000| Untracked 
|  52|0x0000000083400000, 0x0000000083500000, 0x0000000083500000|100%| O|  |TAMS 0x0000000083500000, 0x0000000083400000| Untracked 
|  53|0x0000000083500000, 0x0000000083600000, 0x0000000083600000|100%| O|  |TAMS 0x0000000083600000, 0x0000000083500000| Untracked 
|  54|0x0000000083600000, 0x0000000083700000, 0x0000000083700000|100%| O|  |TAMS 0x0000000083700000, 0x0000000083600000| Untracked 
|  55|0x0000000083700000, 0x0000000083800000, 0x0000000083800000|100%| O|  |TAMS 0x0000000083800000, 0x0000000083700000| Untracked 
|  56|0x0000000083800000, 0x0000000083900000, 0x0000000083900000|100%| O|  |TAMS 0x0000000083900000, 0x0000000083800000| Untracked 
|  57|0x0000000083900000, 0x0000000083a00000, 0x0000000083a00000|100%| O|  |TAMS 0x0000000083a00000, 0x0000000083900000| Untracked 
|  58|0x0000000083a00000, 0x0000000083b00000, 0x0000000083b00000|100%|HS|  |TAMS 0x0000000083b00000, 0x0000000083a00000| Complete 
|  59|0x0000000083b00000, 0x0000000083c00000, 0x0000000083c00000|100%|HC|  |TAMS 0x0000000083c00000, 0x0000000083b00000| Complete 
|  60|0x0000000083c00000, 0x0000000083d00000, 0x0000000083d00000|100%|HC|  |TAMS 0x0000000083d00000, 0x0000000083c00000| Complete 
|  61|0x0000000083d00000, 0x0000000083e00000, 0x0000000083e00000|100%|HS|  |TAMS 0x0000000083e00000, 0x0000000083d00000| Complete 
|  62|0x0000000083e00000, 0x0000000083f00000, 0x0000000083f00000|100%|HC|  |TAMS 0x0000000083f00000, 0x0000000083e00000| Complete 
|  63|0x0000000083f00000, 0x0000000084000000, 0x0000000084000000|100%|HC|  |TAMS 0x0000000084000000, 0x0000000083f00000| Complete 
|  64|0x0000000084000000, 0x0000000084100000, 0x0000000084100000|100%| O|  |TAMS 0x0000000084100000, 0x0000000084000000| Untracked 
|  65|0x0000000084100000, 0x0000000084200000, 0x0000000084200000|100%| O|  |TAMS 0x0000000084200000, 0x0000000084100000| Untracked 
|  66|0x0000000084200000, 0x0000000084300000, 0x0000000084300000|100%| O|  |TAMS 0x0000000084300000, 0x0000000084200000| Untracked 
|  67|0x0000000084300000, 0x0000000084400000, 0x0000000084400000|100%| O|  |TAMS 0x0000000084400000, 0x0000000084300000| Untracked 
|  68|0x0000000084400000, 0x0000000084500000, 0x0000000084500000|100%| O|  |TAMS 0x0000000084500000, 0x0000000084400000| Untracked 
|  69|0x0000000084500000, 0x0000000084600000, 0x0000000084600000|100%| O|  |TAMS 0x0000000084600000, 0x0000000084500000| Untracked 
|  70|0x0000000084600000, 0x00000000846c7c00, 0x0000000084700000| 78%| O|  |TAMS 0x00000000846c7c00, 0x0000000084600000| Untracked 
|  71|0x0000000084700000, 0x0000000084800000, 0x0000000084800000|100%|HS|  |TAMS 0x0000000084800000, 0x0000000084700000| Complete 
|  72|0x0000000084800000, 0x0000000084900000, 0x0000000084900000|100%|HS|  |TAMS 0x0000000084900000, 0x0000000084800000| Complete 
|  73|0x0000000084900000, 0x0000000084a00000, 0x0000000084a00000|100%| O|  |TAMS 0x0000000084a00000, 0x0000000084900000| Untracked 
|  74|0x0000000084a00000, 0x0000000084b00000, 0x0000000084b00000|100%| O|  |TAMS 0x0000000084b00000, 0x0000000084a00000| Untracked 
|  75|0x0000000084b00000, 0x0000000084c00000, 0x0000000084c00000|100%| O|  |TAMS 0x0000000084c00000, 0x0000000084b00000| Untracked 
|  76|0x0000000084c00000, 0x0000000084d00000, 0x0000000084d00000|100%| O|  |TAMS 0x0000000084d00000, 0x0000000084c00000| Untracked 
|  77|0x0000000084d00000, 0x0000000084e00000, 0x0000000084e00000|100%| O|  |TAMS 0x0000000084e00000, 0x0000000084d00000| Untracked 
|  78|0x0000000084e00000, 0x0000000084f00000, 0x0000000084f00000|100%| O|  |TAMS 0x0000000084f00000, 0x0000000084e00000| Untracked 
|  79|0x0000000084f00000, 0x0000000085000000, 0x0000000085000000|100%| O|  |TAMS 0x0000000085000000, 0x0000000084f00000| Untracked 
|  80|0x0000000085000000, 0x0000000085100000, 0x0000000085100000|100%| O|  |TAMS 0x0000000085100000, 0x0000000085000000| Untracked 
|  81|0x0000000085100000, 0x0000000085200000, 0x0000000085200000|100%| O|  |TAMS 0x0000000085200000, 0x0000000085100000| Untracked 
|  82|0x0000000085200000, 0x0000000085300000, 0x0000000085300000|100%| O|  |TAMS 0x0000000085300000, 0x0000000085200000| Untracked 
|  83|0x0000000085300000, 0x0000000085400000, 0x0000000085400000|100%| O|  |TAMS 0x0000000085400000, 0x0000000085300000| Untracked 
|  84|0x0000000085400000, 0x0000000085500000, 0x0000000085500000|100%| O|  |TAMS 0x0000000085500000, 0x0000000085400000| Untracked 
|  85|0x0000000085500000, 0x0000000085600000, 0x0000000085600000|100%| O|  |TAMS 0x0000000085600000, 0x0000000085500000| Untracked 
|  86|0x0000000085600000, 0x0000000085700000, 0x0000000085700000|100%| O|  |TAMS 0x0000000085700000, 0x0000000085600000| Untracked 
|  87|0x0000000085700000, 0x0000000085800000, 0x0000000085800000|100%|HS|  |TAMS 0x0000000085800000, 0x0000000085700000| Complete 
|  88|0x0000000085800000, 0x0000000085900000, 0x0000000085900000|100%|HC|  |TAMS 0x0000000085900000, 0x0000000085800000| Complete 
|  89|0x0000000085900000, 0x0000000085a00000, 0x0000000085a00000|100%|HC|  |TAMS 0x0000000085a00000, 0x0000000085900000| Complete 
|  90|0x0000000085a00000, 0x0000000085b00000, 0x0000000085b00000|100%|HC|  |TAMS 0x0000000085b00000, 0x0000000085a00000| Complete 
|  91|0x0000000085b00000, 0x0000000085c00000, 0x0000000085c00000|100%| O|  |TAMS 0x0000000085c00000, 0x0000000085b00000| Untracked 
|  92|0x0000000085c00000, 0x0000000085d00000, 0x0000000085d00000|100%| O|  |TAMS 0x0000000085d00000, 0x0000000085c00000| Untracked 
|  93|0x0000000085d00000, 0x0000000085e00000, 0x0000000085e00000|100%| O|  |TAMS 0x0000000085e00000, 0x0000000085d00000| Untracked 
|  94|0x0000000085e00000, 0x0000000085f00000, 0x0000000085f00000|100%| O|  |TAMS 0x0000000085f00000, 0x0000000085e00000| Untracked 
|  95|0x0000000085f00000, 0x0000000086000000, 0x0000000086000000|100%| O|  |TAMS 0x0000000086000000, 0x0000000085f00000| Untracked 
|  96|0x0000000086000000, 0x0000000086100000, 0x0000000086100000|100%| O|  |TAMS 0x0000000086100000, 0x0000000086000000| Untracked 
|  97|0x0000000086100000, 0x0000000086200000, 0x0000000086200000|100%| O|  |TAMS 0x0000000086200000, 0x0000000086100000| Untracked 
|  98|0x0000000086200000, 0x0000000086300000, 0x0000000086300000|100%| O|  |TAMS 0x0000000086300000, 0x0000000086200000| Untracked 
|  99|0x0000000086300000, 0x0000000086400000, 0x0000000086400000|100%| O|  |TAMS 0x0000000086400000, 0x0000000086300000| Untracked 
| 100|0x0000000086400000, 0x0000000086500000, 0x0000000086500000|100%| O|  |TAMS 0x0000000086500000, 0x0000000086400000| Untracked 
| 101|0x0000000086500000, 0x0000000086600000, 0x0000000086600000|100%| O|  |TAMS 0x0000000086600000, 0x0000000086500000| Untracked 
| 102|0x0000000086600000, 0x0000000086700000, 0x0000000086700000|100%| O|  |TAMS 0x0000000086700000, 0x0000000086600000| Untracked 
| 103|0x0000000086700000, 0x0000000086800000, 0x0000000086800000|100%| O|  |TAMS 0x0000000086800000, 0x0000000086700000| Untracked 
| 104|0x0000000086800000, 0x0000000086900000, 0x0000000086900000|100%| O|  |TAMS 0x0000000086900000, 0x0000000086800000| Untracked 
| 105|0x0000000086900000, 0x0000000086a00000, 0x0000000086a00000|100%| O|  |TAMS 0x0000000086a00000, 0x0000000086900000| Untracked 
| 106|0x0000000086a00000, 0x0000000086b00000, 0x0000000086b00000|100%| O|  |TAMS 0x0000000086b00000, 0x0000000086a00000| Untracked 
| 107|0x0000000086b00000, 0x0000000086c00000, 0x0000000086c00000|100%| O|  |TAMS 0x0000000086c00000, 0x0000000086b00000| Untracked 
| 108|0x0000000086c00000, 0x0000000086d00000, 0x0000000086d00000|100%| O|  |TAMS 0x0000000086d00000, 0x0000000086c00000| Untracked 
| 109|0x0000000086d00000, 0x0000000086e00000, 0x0000000086e00000|100%| O|  |TAMS 0x0000000086e00000, 0x0000000086d00000| Untracked 
| 110|0x0000000086e00000, 0x0000000086f00000, 0x0000000086f00000|100%| O|  |TAMS 0x0000000086f00000, 0x0000000086e00000| Untracked 
| 111|0x0000000086f00000, 0x0000000087000000, 0x0000000087000000|100%| O|  |TAMS 0x0000000087000000, 0x0000000086f00000| Untracked 
| 112|0x0000000087000000, 0x0000000087100000, 0x0000000087100000|100%| O|  |TAMS 0x0000000087100000, 0x0000000087000000| Untracked 
| 113|0x0000000087100000, 0x0000000087100000, 0x0000000087200000|  0%| F|  |TAMS 0x0000000087100000, 0x0000000087100000| Untracked 
| 114|0x0000000087200000, 0x0000000087200000, 0x0000000087300000|  0%| F|  |TAMS 0x0000000087200000, 0x0000000087200000| Untracked 
| 115|0x0000000087300000, 0x0000000087400000, 0x0000000087400000|100%|HS|  |TAMS 0x0000000087400000, 0x0000000087300000| Complete 
| 116|0x0000000087400000, 0x0000000087500000, 0x0000000087500000|100%|HC|  |TAMS 0x0000000087500000, 0x0000000087400000| Complete 
| 117|0x0000000087500000, 0x0000000087600000, 0x0000000087600000|100%|HC|  |TAMS 0x0000000087600000, 0x0000000087500000| Complete 
| 118|0x0000000087600000, 0x0000000087700000, 0x0000000087700000|100%|HC|  |TAMS 0x0000000087700000, 0x0000000087600000| Complete 
| 119|0x0000000087700000, 0x0000000087800000, 0x0000000087800000|100%|HC|  |TAMS 0x0000000087800000, 0x0000000087700000| Complete 
| 120|0x0000000087800000, 0x0000000087900000, 0x0000000087900000|100%|HC|  |TAMS 0x0000000087900000, 0x0000000087800000| Complete 
| 121|0x0000000087900000, 0x0000000087a00000, 0x0000000087a00000|100%| O|  |TAMS 0x0000000087a00000, 0x0000000087900000| Untracked 
| 122|0x0000000087a00000, 0x0000000087b00000, 0x0000000087b00000|100%| O|  |TAMS 0x0000000087b00000, 0x0000000087a00000| Untracked 
| 123|0x0000000087b00000, 0x0000000087c00000, 0x0000000087c00000|100%| O|  |TAMS 0x0000000087c00000, 0x0000000087b00000| Untracked 
| 124|0x0000000087c00000, 0x0000000087d00000, 0x0000000087d00000|100%| O|  |TAMS 0x0000000087d00000, 0x0000000087c00000| Untracked 
| 125|0x0000000087d00000, 0x0000000087e00000, 0x0000000087e00000|100%| O|  |TAMS 0x0000000087e00000, 0x0000000087d00000| Untracked 
| 126|0x0000000087e00000, 0x0000000087f00000, 0x0000000087f00000|100%| O|  |TAMS 0x0000000087f00000, 0x0000000087e00000| Untracked 
| 127|0x0000000087f00000, 0x0000000088000000, 0x0000000088000000|100%| O|  |TAMS 0x0000000088000000, 0x0000000087f00000| Untracked 
| 128|0x0000000088000000, 0x0000000088100000, 0x0000000088100000|100%| O|  |TAMS 0x0000000088100000, 0x0000000088000000| Untracked 
| 129|0x0000000088100000, 0x0000000088200000, 0x0000000088200000|100%| O|  |TAMS 0x0000000088148c00, 0x0000000088100000| Untracked 
| 130|0x0000000088200000, 0x0000000088300000, 0x0000000088300000|100%| O|  |TAMS 0x0000000088200000, 0x0000000088200000| Untracked 
| 131|0x0000000088300000, 0x0000000088400000, 0x0000000088400000|100%| O|  |TAMS 0x0000000088300000, 0x0000000088300000| Untracked 
| 132|0x0000000088400000, 0x0000000088500000, 0x0000000088500000|100%| O|  |TAMS 0x0000000088400000, 0x0000000088400000| Untracked 
| 133|0x0000000088500000, 0x0000000088600000, 0x0000000088600000|100%| O|  |TAMS 0x0000000088500000, 0x0000000088500000| Untracked 
| 134|0x0000000088600000, 0x0000000088700000, 0x0000000088700000|100%| O|  |TAMS 0x0000000088600000, 0x0000000088600000| Untracked 
| 135|0x0000000088700000, 0x0000000088800000, 0x0000000088800000|100%| O|  |TAMS 0x0000000088700000, 0x0000000088700000| Untracked 
| 136|0x0000000088800000, 0x0000000088900000, 0x0000000088900000|100%| O|  |TAMS 0x0000000088800000, 0x0000000088800000| Untracked 
| 137|0x0000000088900000, 0x0000000088a00000, 0x0000000088a00000|100%| O|  |TAMS 0x0000000088900000, 0x0000000088900000| Untracked 
| 138|0x0000000088a00000, 0x0000000088b00000, 0x0000000088b00000|100%| O|  |TAMS 0x0000000088a00000, 0x0000000088a00000| Untracked 
| 139|0x0000000088b00000, 0x0000000088b99400, 0x0000000088c00000| 59%| O|  |TAMS 0x0000000088b00000, 0x0000000088b00000| Untracked 
| 140|0x0000000088c00000, 0x0000000088c00000, 0x0000000088d00000|  0%| F|  |TAMS 0x0000000088c00000, 0x0000000088c00000| Untracked 
| 141|0x0000000088d00000, 0x0000000088d00000, 0x0000000088e00000|  0%| F|  |TAMS 0x0000000088d00000, 0x0000000088d00000| Untracked 
| 142|0x0000000088e00000, 0x0000000088e00000, 0x0000000088f00000|  0%| F|  |TAMS 0x0000000088e00000, 0x0000000088e00000| Untracked 
| 143|0x0000000088f00000, 0x0000000088f00000, 0x0000000089000000|  0%| F|  |TAMS 0x0000000088f00000, 0x0000000088f00000| Untracked 
| 144|0x0000000089000000, 0x0000000089000000, 0x0000000089100000|  0%| F|  |TAMS 0x0000000089000000, 0x0000000089000000| Untracked 
| 145|0x0000000089100000, 0x0000000089100000, 0x0000000089200000|  0%| F|  |TAMS 0x0000000089100000, 0x0000000089100000| Untracked 
| 146|0x0000000089200000, 0x0000000089200000, 0x0000000089300000|  0%| F|  |TAMS 0x0000000089200000, 0x0000000089200000| Untracked 
| 147|0x0000000089300000, 0x0000000089300000, 0x0000000089400000|  0%| F|  |TAMS 0x0000000089300000, 0x0000000089300000| Untracked 
| 148|0x0000000089400000, 0x0000000089400000, 0x0000000089500000|  0%| F|  |TAMS 0x0000000089400000, 0x0000000089400000| Untracked 
| 149|0x0000000089500000, 0x0000000089500000, 0x0000000089600000|  0%| F|  |TAMS 0x0000000089500000, 0x0000000089500000| Untracked 
| 150|0x0000000089600000, 0x0000000089600000, 0x0000000089700000|  0%| F|  |TAMS 0x0000000089600000, 0x0000000089600000| Untracked 
| 151|0x0000000089700000, 0x0000000089700000, 0x0000000089800000|  0%| F|  |TAMS 0x0000000089700000, 0x0000000089700000| Untracked 
| 152|0x0000000089800000, 0x0000000089800000, 0x0000000089900000|  0%| F|  |TAMS 0x0000000089800000, 0x0000000089800000| Untracked 
| 153|0x0000000089900000, 0x0000000089900000, 0x0000000089a00000|  0%| F|  |TAMS 0x0000000089900000, 0x0000000089900000| Untracked 
| 154|0x0000000089a00000, 0x0000000089a00000, 0x0000000089b00000|  0%| F|  |TAMS 0x0000000089a00000, 0x0000000089a00000| Untracked 
| 155|0x0000000089b00000, 0x0000000089b00000, 0x0000000089c00000|  0%| F|  |TAMS 0x0000000089b00000, 0x0000000089b00000| Untracked 
| 156|0x0000000089c00000, 0x0000000089c00000, 0x0000000089d00000|  0%| F|  |TAMS 0x0000000089c00000, 0x0000000089c00000| Untracked 
| 157|0x0000000089d00000, 0x0000000089d00000, 0x0000000089e00000|  0%| F|  |TAMS 0x0000000089d00000, 0x0000000089d00000| Untracked 
| 158|0x0000000089e00000, 0x0000000089e00000, 0x0000000089f00000|  0%| F|  |TAMS 0x0000000089e00000, 0x0000000089e00000| Untracked 
| 159|0x0000000089f00000, 0x0000000089f00000, 0x000000008a000000|  0%| F|  |TAMS 0x0000000089f00000, 0x0000000089f00000| Untracked 
| 160|0x000000008a000000, 0x000000008a000000, 0x000000008a100000|  0%| F|  |TAMS 0x000000008a000000, 0x000000008a000000| Untracked 
| 161|0x000000008a100000, 0x000000008a100000, 0x000000008a200000|  0%| F|  |TAMS 0x000000008a100000, 0x000000008a100000| Untracked 
| 162|0x000000008a200000, 0x000000008a200000, 0x000000008a300000|  0%| F|  |TAMS 0x000000008a200000, 0x000000008a200000| Untracked 
| 163|0x000000008a300000, 0x000000008a300000, 0x000000008a400000|  0%| F|  |TAMS 0x000000008a300000, 0x000000008a300000| Untracked 
| 164|0x000000008a400000, 0x000000008a400000, 0x000000008a500000|  0%| F|  |TAMS 0x000000008a400000, 0x000000008a400000| Untracked 
| 165|0x000000008a500000, 0x000000008a500000, 0x000000008a600000|  0%| F|  |TAMS 0x000000008a500000, 0x000000008a500000| Untracked 
| 166|0x000000008a600000, 0x000000008a600000, 0x000000008a700000|  0%| F|  |TAMS 0x000000008a600000, 0x000000008a600000| Untracked 
| 167|0x000000008a700000, 0x000000008a700000, 0x000000008a800000|  0%| F|  |TAMS 0x000000008a700000, 0x000000008a700000| Untracked 
| 168|0x000000008a800000, 0x000000008a800000, 0x000000008a900000|  0%| F|  |TAMS 0x000000008a800000, 0x000000008a800000| Untracked 
| 169|0x000000008a900000, 0x000000008a900000, 0x000000008aa00000|  0%| F|  |TAMS 0x000000008a900000, 0x000000008a900000| Untracked 
| 170|0x000000008aa00000, 0x000000008aa00000, 0x000000008ab00000|  0%| F|  |TAMS 0x000000008aa00000, 0x000000008aa00000| Untracked 
| 171|0x000000008ab00000, 0x000000008ab00000, 0x000000008ac00000|  0%| F|  |TAMS 0x000000008ab00000, 0x000000008ab00000| Untracked 
| 172|0x000000008ac00000, 0x000000008ac00000, 0x000000008ad00000|  0%| F|  |TAMS 0x000000008ac00000, 0x000000008ac00000| Untracked 
| 173|0x000000008ad00000, 0x000000008ad00000, 0x000000008ae00000|  0%| F|  |TAMS 0x000000008ad00000, 0x000000008ad00000| Untracked 
| 174|0x000000008ae00000, 0x000000008ae00000, 0x000000008af00000|  0%| F|  |TAMS 0x000000008ae00000, 0x000000008ae00000| Untracked 
| 175|0x000000008af00000, 0x000000008af00000, 0x000000008b000000|  0%| F|  |TAMS 0x000000008af00000, 0x000000008af00000| Untracked 
| 176|0x000000008b000000, 0x000000008b000000, 0x000000008b100000|  0%| F|  |TAMS 0x000000008b000000, 0x000000008b000000| Untracked 
| 177|0x000000008b100000, 0x000000008b180640, 0x000000008b200000| 50%| S|CS|TAMS 0x000000008b100000, 0x000000008b100000| Complete 
| 178|0x000000008b200000, 0x000000008b300000, 0x000000008b300000|100%| S|CS|TAMS 0x000000008b200000, 0x000000008b200000| Complete 
| 179|0x000000008b300000, 0x000000008b400000, 0x000000008b400000|100%| S|CS|TAMS 0x000000008b300000, 0x000000008b300000| Complete 
| 180|0x000000008b400000, 0x000000008b500000, 0x000000008b500000|100%| S|CS|TAMS 0x000000008b400000, 0x000000008b400000| Complete 
| 181|0x000000008b500000, 0x000000008b600000, 0x000000008b600000|100%| S|CS|TAMS 0x000000008b500000, 0x000000008b500000| Complete 
| 182|0x000000008b600000, 0x000000008b600000, 0x000000008b700000|  0%| F|  |TAMS 0x000000008b600000, 0x000000008b600000| Untracked 
| 183|0x000000008b700000, 0x000000008b700000, 0x000000008b800000|  0%| F|  |TAMS 0x000000008b700000, 0x000000008b700000| Untracked 
| 184|0x000000008b800000, 0x000000008b800000, 0x000000008b900000|  0%| F|  |TAMS 0x000000008b800000, 0x000000008b800000| Untracked 
| 185|0x000000008b900000, 0x000000008b900000, 0x000000008ba00000|  0%| F|  |TAMS 0x000000008b900000, 0x000000008b900000| Untracked 
| 186|0x000000008ba00000, 0x000000008ba00000, 0x000000008bb00000|  0%| F|  |TAMS 0x000000008ba00000, 0x000000008ba00000| Untracked 
| 187|0x000000008bb00000, 0x000000008bb00000, 0x000000008bc00000|  0%| F|  |TAMS 0x000000008bb00000, 0x000000008bb00000| Untracked 
| 188|0x000000008bc00000, 0x000000008bc00000, 0x000000008bd00000|  0%| F|  |TAMS 0x000000008bc00000, 0x000000008bc00000| Untracked 
| 189|0x000000008bd00000, 0x000000008bd00000, 0x000000008be00000|  0%| F|  |TAMS 0x000000008bd00000, 0x000000008bd00000| Untracked 
| 190|0x000000008be00000, 0x000000008be00000, 0x000000008bf00000|  0%| F|  |TAMS 0x000000008be00000, 0x000000008be00000| Untracked 
| 191|0x000000008bf00000, 0x000000008bf00000, 0x000000008c000000|  0%| F|  |TAMS 0x000000008bf00000, 0x000000008bf00000| Untracked 
| 192|0x000000008c000000, 0x000000008c000000, 0x000000008c100000|  0%| F|  |TAMS 0x000000008c000000, 0x000000008c000000| Untracked 
| 193|0x000000008c100000, 0x000000008c100000, 0x000000008c200000|  0%| F|  |TAMS 0x000000008c100000, 0x000000008c100000| Untracked 
| 194|0x000000008c200000, 0x000000008c200000, 0x000000008c300000|  0%| F|  |TAMS 0x000000008c200000, 0x000000008c200000| Untracked 
| 195|0x000000008c300000, 0x000000008c300000, 0x000000008c400000|  0%| F|  |TAMS 0x000000008c300000, 0x000000008c300000| Untracked 
| 196|0x000000008c400000, 0x000000008c400000, 0x000000008c500000|  0%| F|  |TAMS 0x000000008c400000, 0x000000008c400000| Untracked 
| 197|0x000000008c500000, 0x000000008c500000, 0x000000008c600000|  0%| F|  |TAMS 0x000000008c500000, 0x000000008c500000| Untracked 
| 198|0x000000008c600000, 0x000000008c600000, 0x000000008c700000|  0%| F|  |TAMS 0x000000008c600000, 0x000000008c600000| Untracked 
| 199|0x000000008c700000, 0x000000008c700000, 0x000000008c800000|  0%| F|  |TAMS 0x000000008c700000, 0x000000008c700000| Untracked 
| 200|0x000000008c800000, 0x000000008c800000, 0x000000008c900000|  0%| F|  |TAMS 0x000000008c800000, 0x000000008c800000| Untracked 
| 201|0x000000008c900000, 0x000000008c900000, 0x000000008ca00000|  0%| F|  |TAMS 0x000000008c900000, 0x000000008c900000| Untracked 
| 202|0x000000008ca00000, 0x000000008ca00000, 0x000000008cb00000|  0%| F|  |TAMS 0x000000008ca00000, 0x000000008ca00000| Untracked 
| 203|0x000000008cb00000, 0x000000008cb00000, 0x000000008cc00000|  0%| F|  |TAMS 0x000000008cb00000, 0x000000008cb00000| Untracked 
| 204|0x000000008cc00000, 0x000000008cc00000, 0x000000008cd00000|  0%| F|  |TAMS 0x000000008cc00000, 0x000000008cc00000| Untracked 
| 205|0x000000008cd00000, 0x000000008cd00000, 0x000000008ce00000|  0%| F|  |TAMS 0x000000008cd00000, 0x000000008cd00000| Untracked 
| 206|0x000000008ce00000, 0x000000008ce00000, 0x000000008cf00000|  0%| F|  |TAMS 0x000000008ce00000, 0x000000008ce00000| Untracked 
| 207|0x000000008cf00000, 0x000000008cf00000, 0x000000008d000000|  0%| F|  |TAMS 0x000000008cf00000, 0x000000008cf00000| Untracked 
| 208|0x000000008d000000, 0x000000008d000000, 0x000000008d100000|  0%| F|  |TAMS 0x000000008d000000, 0x000000008d000000| Untracked 
| 209|0x000000008d100000, 0x000000008d100000, 0x000000008d200000|  0%| F|  |TAMS 0x000000008d100000, 0x000000008d100000| Untracked 
| 210|0x000000008d200000, 0x000000008d200000, 0x000000008d300000|  0%| F|  |TAMS 0x000000008d200000, 0x000000008d200000| Untracked 
| 211|0x000000008d300000, 0x000000008d300000, 0x000000008d400000|  0%| F|  |TAMS 0x000000008d300000, 0x000000008d300000| Untracked 
| 212|0x000000008d400000, 0x000000008d400000, 0x000000008d500000|  0%| F|  |TAMS 0x000000008d400000, 0x000000008d400000| Untracked 
| 213|0x000000008d500000, 0x000000008d500000, 0x000000008d600000|  0%| F|  |TAMS 0x000000008d500000, 0x000000008d500000| Untracked 
| 214|0x000000008d600000, 0x000000008d600000, 0x000000008d700000|  0%| F|  |TAMS 0x000000008d600000, 0x000000008d600000| Untracked 
| 215|0x000000008d700000, 0x000000008d700000, 0x000000008d800000|  0%| F|  |TAMS 0x000000008d700000, 0x000000008d700000| Untracked 
| 216|0x000000008d800000, 0x000000008d800000, 0x000000008d900000|  0%| F|  |TAMS 0x000000008d800000, 0x000000008d800000| Untracked 
| 217|0x000000008d900000, 0x000000008d900000, 0x000000008da00000|  0%| F|  |TAMS 0x000000008d900000, 0x000000008d900000| Untracked 
| 218|0x000000008da00000, 0x000000008da00000, 0x000000008db00000|  0%| F|  |TAMS 0x000000008da00000, 0x000000008da00000| Untracked 
| 219|0x000000008db00000, 0x000000008db00000, 0x000000008dc00000|  0%| F|  |TAMS 0x000000008db00000, 0x000000008db00000| Untracked 
| 220|0x000000008dc00000, 0x000000008dc00000, 0x000000008dd00000|  0%| F|  |TAMS 0x000000008dc00000, 0x000000008dc00000| Untracked 
| 221|0x000000008dd00000, 0x000000008dd00000, 0x000000008de00000|  0%| F|  |TAMS 0x000000008dd00000, 0x000000008dd00000| Untracked 
| 222|0x000000008de00000, 0x000000008de00000, 0x000000008df00000|  0%| F|  |TAMS 0x000000008de00000, 0x000000008de00000| Untracked 
| 223|0x000000008df00000, 0x000000008df00000, 0x000000008e000000|  0%| F|  |TAMS 0x000000008df00000, 0x000000008df00000| Untracked 
| 224|0x000000008e000000, 0x000000008e000000, 0x000000008e100000|  0%| F|  |TAMS 0x000000008e000000, 0x000000008e000000| Untracked 
| 225|0x000000008e100000, 0x000000008e100000, 0x000000008e200000|  0%| F|  |TAMS 0x000000008e100000, 0x000000008e100000| Untracked 
| 226|0x000000008e200000, 0x000000008e200000, 0x000000008e300000|  0%| F|  |TAMS 0x000000008e200000, 0x000000008e200000| Untracked 
| 227|0x000000008e300000, 0x000000008e300000, 0x000000008e400000|  0%| F|  |TAMS 0x000000008e300000, 0x000000008e300000| Untracked 
| 228|0x000000008e400000, 0x000000008e400000, 0x000000008e500000|  0%| F|  |TAMS 0x000000008e400000, 0x000000008e400000| Untracked 
| 229|0x000000008e500000, 0x000000008e500000, 0x000000008e600000|  0%| F|  |TAMS 0x000000008e500000, 0x000000008e500000| Untracked 
| 230|0x000000008e600000, 0x000000008e600000, 0x000000008e700000|  0%| F|  |TAMS 0x000000008e600000, 0x000000008e600000| Untracked 
| 231|0x000000008e700000, 0x000000008e700000, 0x000000008e800000|  0%| F|  |TAMS 0x000000008e700000, 0x000000008e700000| Untracked 
| 232|0x000000008e800000, 0x000000008e800000, 0x000000008e900000|  0%| F|  |TAMS 0x000000008e800000, 0x000000008e800000| Untracked 
| 233|0x000000008e900000, 0x000000008e900000, 0x000000008ea00000|  0%| F|  |TAMS 0x000000008e900000, 0x000000008e900000| Untracked 
| 234|0x000000008ea00000, 0x000000008ea00000, 0x000000008eb00000|  0%| F|  |TAMS 0x000000008ea00000, 0x000000008ea00000| Untracked 
| 235|0x000000008eb00000, 0x000000008eb00000, 0x000000008ec00000|  0%| F|  |TAMS 0x000000008eb00000, 0x000000008eb00000| Untracked 
| 236|0x000000008ec00000, 0x000000008ec00000, 0x000000008ed00000|  0%| F|  |TAMS 0x000000008ec00000, 0x000000008ec00000| Untracked 
| 237|0x000000008ed00000, 0x000000008ed00000, 0x000000008ee00000|  0%| F|  |TAMS 0x000000008ed00000, 0x000000008ed00000| Untracked 
| 238|0x000000008ee00000, 0x000000008ee00000, 0x000000008ef00000|  0%| F|  |TAMS 0x000000008ee00000, 0x000000008ee00000| Untracked 
| 239|0x000000008ef00000, 0x000000008ef00000, 0x000000008f000000|  0%| F|  |TAMS 0x000000008ef00000, 0x000000008ef00000| Untracked 
| 240|0x000000008f000000, 0x000000008f000000, 0x000000008f100000|  0%| F|  |TAMS 0x000000008f000000, 0x000000008f000000| Untracked 
| 241|0x000000008f100000, 0x000000008f100000, 0x000000008f200000|  0%| F|  |TAMS 0x000000008f100000, 0x000000008f100000| Untracked 
| 242|0x000000008f200000, 0x000000008f200000, 0x000000008f300000|  0%| F|  |TAMS 0x000000008f200000, 0x000000008f200000| Untracked 
| 243|0x000000008f300000, 0x000000008f300000, 0x000000008f400000|  0%| F|  |TAMS 0x000000008f300000, 0x000000008f300000| Untracked 
| 244|0x000000008f400000, 0x000000008f400000, 0x000000008f500000|  0%| F|  |TAMS 0x000000008f400000, 0x000000008f400000| Untracked 
| 245|0x000000008f500000, 0x000000008f500000, 0x000000008f600000|  0%| F|  |TAMS 0x000000008f500000, 0x000000008f500000| Untracked 
| 246|0x000000008f600000, 0x000000008f600000, 0x000000008f700000|  0%| F|  |TAMS 0x000000008f600000, 0x000000008f600000| Untracked 
| 247|0x000000008f700000, 0x000000008f700000, 0x000000008f800000|  0%| F|  |TAMS 0x000000008f700000, 0x000000008f700000| Untracked 
| 248|0x000000008f800000, 0x000000008f800000, 0x000000008f900000|  0%| F|  |TAMS 0x000000008f800000, 0x000000008f800000| Untracked 
| 249|0x000000008f900000, 0x000000008f900000, 0x000000008fa00000|  0%| F|  |TAMS 0x000000008f900000, 0x000000008f900000| Untracked 
| 250|0x000000008fa00000, 0x000000008fa00000, 0x000000008fb00000|  0%| F|  |TAMS 0x000000008fa00000, 0x000000008fa00000| Untracked 
| 251|0x000000008fb00000, 0x000000008fb00000, 0x000000008fc00000|  0%| F|  |TAMS 0x000000008fb00000, 0x000000008fb00000| Untracked 
| 252|0x000000008fc00000, 0x000000008fc00000, 0x000000008fd00000|  0%| F|  |TAMS 0x000000008fc00000, 0x000000008fc00000| Untracked 
| 253|0x000000008fd00000, 0x000000008fd00000, 0x000000008fe00000|  0%| F|  |TAMS 0x000000008fd00000, 0x000000008fd00000| Untracked 
| 254|0x000000008fe00000, 0x000000008fe00000, 0x000000008ff00000|  0%| F|  |TAMS 0x000000008fe00000, 0x000000008fe00000| Untracked 
| 255|0x000000008ff00000, 0x000000008ff00000, 0x0000000090000000|  0%| F|  |TAMS 0x000000008ff00000, 0x000000008ff00000| Untracked 
| 256|0x0000000090000000, 0x0000000090000000, 0x0000000090100000|  0%| F|  |TAMS 0x0000000090000000, 0x0000000090000000| Untracked 
| 257|0x0000000090100000, 0x0000000090100000, 0x0000000090200000|  0%| F|  |TAMS 0x0000000090100000, 0x0000000090100000| Untracked 
| 258|0x0000000090200000, 0x0000000090200000, 0x0000000090300000|  0%| F|  |TAMS 0x0000000090200000, 0x0000000090200000| Untracked 
| 259|0x0000000090300000, 0x0000000090300000, 0x0000000090400000|  0%| F|  |TAMS 0x0000000090300000, 0x0000000090300000| Untracked 
| 260|0x0000000090400000, 0x0000000090400000, 0x0000000090500000|  0%| F|  |TAMS 0x0000000090400000, 0x0000000090400000| Untracked 
| 261|0x0000000090500000, 0x0000000090500000, 0x0000000090600000|  0%| F|  |TAMS 0x0000000090500000, 0x0000000090500000| Untracked 
| 262|0x0000000090600000, 0x0000000090600000, 0x0000000090700000|  0%| F|  |TAMS 0x0000000090600000, 0x0000000090600000| Untracked 
| 263|0x0000000090700000, 0x0000000090700000, 0x0000000090800000|  0%| F|  |TAMS 0x0000000090700000, 0x0000000090700000| Untracked 
| 264|0x0000000090800000, 0x0000000090800000, 0x0000000090900000|  0%| F|  |TAMS 0x0000000090800000, 0x0000000090800000| Untracked 
| 265|0x0000000090900000, 0x0000000090900000, 0x0000000090a00000|  0%| F|  |TAMS 0x0000000090900000, 0x0000000090900000| Untracked 
| 266|0x0000000090a00000, 0x0000000090a00000, 0x0000000090b00000|  0%| F|  |TAMS 0x0000000090a00000, 0x0000000090a00000| Untracked 
| 267|0x0000000090b00000, 0x0000000090b00000, 0x0000000090c00000|  0%| F|  |TAMS 0x0000000090b00000, 0x0000000090b00000| Untracked 
| 268|0x0000000090c00000, 0x0000000090c00000, 0x0000000090d00000|  0%| F|  |TAMS 0x0000000090c00000, 0x0000000090c00000| Untracked 
| 269|0x0000000090d00000, 0x0000000090d00000, 0x0000000090e00000|  0%| F|  |TAMS 0x0000000090d00000, 0x0000000090d00000| Untracked 
| 270|0x0000000090e00000, 0x0000000090e00000, 0x0000000090f00000|  0%| F|  |TAMS 0x0000000090e00000, 0x0000000090e00000| Untracked 
| 271|0x0000000090f00000, 0x0000000090f00000, 0x0000000091000000|  0%| F|  |TAMS 0x0000000090f00000, 0x0000000090f00000| Untracked 
| 272|0x0000000091000000, 0x0000000091000000, 0x0000000091100000|  0%| F|  |TAMS 0x0000000091000000, 0x0000000091000000| Untracked 
| 273|0x0000000091100000, 0x0000000091100000, 0x0000000091200000|  0%| F|  |TAMS 0x0000000091100000, 0x0000000091100000| Untracked 
| 274|0x0000000091200000, 0x0000000091200000, 0x0000000091300000|  0%| F|  |TAMS 0x0000000091200000, 0x0000000091200000| Untracked 

Card table byte_map: [0x00000297e5a50000,0x00000297e5e50000] _byte_map_base: 0x00000297e5650000

Marking Bits (Prev, Next): (CMBitMap*) 0x00000297d2eb2f80, (CMBitMap*) 0x00000297d2eb2fc0
 Prev Bits: [0x00000297e6250000, 0x00000297e8250000)
 Next Bits: [0x00000297e8250000, 0x00000297ea250000)

Polling page: 0x00000297d0fd0000

Metaspace:

Usage:
  Non-class:    102.85 MB used.
      Class:     15.49 MB used.
       Both:    118.33 MB used.

Virtual space:
  Non-class space:      104.00 MB reserved,     103.25 MB (>99%) committed,  13 nodes.
      Class space:        1.00 GB reserved,      15.81 MB (  2%) committed,  1 nodes.
             Both:        1.10 GB reserved,     119.06 MB ( 11%) committed. 

Chunk freelists:
   Non-Class:  768.00 KB
       Class:  240.00 KB
        Both:  1008.00 KB

MaxMetaspaceSize: unlimited
CompressedClassSpaceSize: 1.00 GB
Initial GC threshold: 21.00 MB
Current GC threshold: 179.81 MB
CDS: off
MetaspaceReclaimPolicy: balanced
 - commit_granule_bytes: 65536.
 - commit_granule_words: 8192.
 - virtual_space_node_default_size: 1048576.
 - enlarge_chunks_in_place: 1.
 - new_chunks_are_fully_committed: 0.
 - uncommit_free_chunks: 1.
 - use_allocation_guard: 0.
 - handle_deallocations: 1.


Internal statistics:

num_allocs_failed_limit: 12.
num_arena_births: 930.
num_arena_deaths: 0.
num_vsnodes_births: 14.
num_vsnodes_deaths: 0.
num_space_committed: 1903.
num_space_uncommitted: 0.
num_chunks_returned_to_freelist: 12.
num_chunks_taken_from_freelist: 5066.
num_chunk_merges: 12.
num_chunk_splits: 3762.
num_chunks_enlarged: 2950.
num_purges: 0.
num_inconsistent_stats: 0.

CodeHeap 'non-profiled nmethods': size=120000Kb used=5158Kb max_used=5216Kb free=114841Kb
 bounds [0x00000297dddf0000, 0x00000297de310000, 0x00000297e5320000]
CodeHeap 'profiled nmethods': size=120000Kb used=20364Kb max_used=20364Kb free=99636Kb
 bounds [0x00000297d6320000, 0x00000297d7710000, 0x00000297dd850000]
CodeHeap 'non-nmethods': size=5760Kb used=2494Kb max_used=2519Kb free=3265Kb
 bounds [0x00000297dd850000, 0x00000297ddae0000, 0x00000297dddf0000]
 total_blobs=10807 nmethods=9751 adapters=966
 compilation: enabled
              stopped_count=0, restarted_count=0
 full_count=0

Compilation events (20 events):
Event: 51.901 Thread 0x00000297ed80b420 nmethod 11368 0x00000297de113090 code [0x00000297de113220, 0x00000297de1132d8]
Event: 51.907 Thread 0x00000297ed80ab20 11369   !   4       java.lang.ClassLoader::loadClass (121 bytes)
Event: 51.920 Thread 0x00000297ed80ab20 nmethod 11369 0x00000297de110e90 code [0x00000297de1110e0, 0x00000297de112280]
Event: 51.969 Thread 0x00000297ed80b420 11370       3       org.jetbrains.kotlin.com.google.common.collect.ImmutableList::iterator (5 bytes)
Event: 51.969 Thread 0x00000297ed80b420 nmethod 11370 0x00000297d7701110 code [0x00000297d77012c0, 0x00000297d7701568]
Event: 51.969 Thread 0x00000297ed80b420 11371       3       org.jetbrains.kotlin.com.google.common.collect.ImmutableList::listIterator (6 bytes)
Event: 51.969 Thread 0x00000297ed80b420 nmethod 11371 0x00000297d7701610 code [0x00000297d77017c0, 0x00000297d7701988]
Event: 51.969 Thread 0x00000297ed80b420 11372       1       org.jetbrains.kotlin.builtins.PrimitiveType::getTypeName (5 bytes)
Event: 51.970 Thread 0x00000297ed80b420 nmethod 11372 0x00000297de110b90 code [0x00000297de110d20, 0x00000297de110df8]
Event: 51.972 Thread 0x00000297ed80ab20 11373       4       org.jetbrains.kotlin.name.FqName::toUnsafe (13 bytes)
Event: 51.973 Thread 0x00000297ed80b420 11374       3       org.jetbrains.kotlin.codegen.intrinsics.IntrinsicsMap::registerIntrinsic (61 bytes)
Event: 51.973 Thread 0x00000297ed80ab20 nmethod 11373 0x00000297de110890 code [0x00000297de110a00, 0x00000297de110a98]
Event: 51.973 Thread 0x00000297ed80b420 nmethod 11374 0x00000297d7701a10 code [0x00000297d7701d60, 0x00000297d7702ef8]
Event: 51.973 Thread 0x00000297ed80b420 11375       3       org.jetbrains.kotlin.codegen.intrinsics.IntrinsicsMap$Key::<init> (38 bytes)
Event: 51.974 Thread 0x00000297ed80b420 nmethod 11375 0x00000297d7703590 code [0x00000297d7703820, 0x00000297d77043f8]
Event: 51.974 Thread 0x00000297ed80b420 11376       3       org.jetbrains.kotlin.codegen.intrinsics.IntrinsicMethods::declareIntrinsicFunction (39 bytes)
Event: 51.974 Thread 0x00000297ed80b420 nmethod 11376 0x00000297d7704810 code [0x00000297d77049e0, 0x00000297d7704cb8]
Event: 52.049 Thread 0x00000297ed80ab20 11377       4       java.security.SecureClassLoader::defineClass (16 bytes)
Event: 52.112 Thread 0x00000297ed80ab20 nmethod 11377 0x00000297de10c090 code [0x00000297de10c400, 0x00000297de10ed60]
Event: 52.112 Thread 0x00000297ed80ab20 11379       4       java.lang.ClassLoader::defineClass (43 bytes)

GC Heap History (20 events):
Event: 29.344 GC heap after
{Heap after GC invocations=35 (full 0):
 garbage-first heap   total 252928K, used 88143K [0x0000000080000000, 0x0000000100000000)
  region size 1024K, 14 young (14336K), 14 survivors (14336K)
 Metaspace       used 72936K, committed 73664K, reserved 1114112K
  class space    used 10151K, committed 10432K, reserved 1048576K
}
Event: 29.548 GC heap before
{Heap before GC invocations=35 (full 0):
 garbage-first heap   total 252928K, used 89167K [0x0000000080000000, 0x0000000100000000)
  region size 1024K, 15 young (15360K), 14 survivors (14336K)
 Metaspace       used 73012K, committed 73792K, reserved 1114112K
  class space    used 10158K, committed 10496K, reserved 1048576K
}
Event: 29.674 GC heap after
{Heap after GC invocations=36 (full 0):
 garbage-first heap   total 252928K, used 88833K [0x0000000080000000, 0x0000000100000000)
  region size 1024K, 2 young (2048K), 2 survivors (2048K)
 Metaspace       used 73012K, committed 73792K, reserved 1114112K
  class space    used 10158K, committed 10496K, reserved 1048576K
}
Event: 33.701 GC heap before
{Heap before GC invocations=36 (full 0):
 garbage-first heap   total 252928K, used 186113K [0x0000000080000000, 0x0000000100000000)
  region size 1024K, 98 young (100352K), 2 survivors (2048K)
 Metaspace       used 83846K, committed 84544K, reserved 1122304K
  class space    used 11584K, committed 11904K, reserved 1048576K
}
Event: 33.712 GC heap after
{Heap after GC invocations=37 (full 0):
 garbage-first heap   total 252928K, used 92844K [0x0000000080000000, 0x0000000100000000)
  region size 1024K, 6 young (6144K), 6 survivors (6144K)
 Metaspace       used 83846K, committed 84544K, reserved 1122304K
  class space    used 11584K, committed 11904K, reserved 1048576K
}
Event: 44.192 GC heap before
{Heap before GC invocations=37 (full 0):
 garbage-first heap   total 252928K, used 202412K [0x0000000080000000, 0x0000000100000000)
  region size 1024K, 104 young (106496K), 6 survivors (6144K)
 Metaspace       used 90311K, committed 91072K, reserved 1130496K
  class space    used 12373K, committed 12672K, reserved 1048576K
}
Event: 44.236 GC heap after
{Heap after GC invocations=38 (full 0):
 garbage-first heap   total 252928K, used 116510K [0x0000000080000000, 0x0000000100000000)
  region size 1024K, 13 young (13312K), 13 survivors (13312K)
 Metaspace       used 90311K, committed 91072K, reserved 1130496K
  class space    used 12373K, committed 12672K, reserved 1048576K
}
Event: 46.031 GC heap before
{Heap before GC invocations=38 (full 0):
 garbage-first heap   total 252928K, used 148254K [0x0000000080000000, 0x0000000100000000)
  region size 1024K, 45 young (46080K), 13 survivors (13312K)
 Metaspace       used 93965K, committed 94656K, reserved 1130496K
  class space    used 12795K, committed 13120K, reserved 1048576K
}
Event: 46.054 GC heap after
{Heap after GC invocations=39 (full 0):
 garbage-first heap   total 252928K, used 119756K [0x0000000080000000, 0x0000000100000000)
  region size 1024K, 3 young (3072K), 3 survivors (3072K)
 Metaspace       used 93965K, committed 94656K, reserved 1130496K
  class space    used 12795K, committed 13120K, reserved 1048576K
}
Event: 47.768 GC heap before
{Heap before GC invocations=40 (full 0):
 garbage-first heap   total 252928K, used 204748K [0x0000000080000000, 0x0000000100000000)
  region size 1024K, 80 young (81920K), 3 survivors (3072K)
 Metaspace       used 103708K, committed 104448K, reserved 1146880K
  class space    used 13825K, committed 14144K, reserved 1048576K
}
Event: 47.778 GC heap after
{Heap after GC invocations=41 (full 0):
 garbage-first heap   total 252928K, used 131683K [0x0000000080000000, 0x0000000100000000)
  region size 1024K, 9 young (9216K), 9 survivors (9216K)
 Metaspace       used 103708K, committed 104448K, reserved 1146880K
  class space    used 13825K, committed 14144K, reserved 1048576K
}
Event: 47.858 GC heap before
{Heap before GC invocations=41 (full 0):
 garbage-first heap   total 252928K, used 134755K [0x0000000080000000, 0x0000000100000000)
  region size 1024K, 12 young (12288K), 9 survivors (9216K)
 Metaspace       used 104187K, committed 104960K, reserved 1146880K
  class space    used 13883K, committed 14208K, reserved 1048576K
}
Event: 47.879 GC heap after
{Heap after GC invocations=42 (full 0):
 garbage-first heap   total 252928K, used 132320K [0x0000000080000000, 0x0000000100000000)
  region size 1024K, 2 young (2048K), 2 survivors (2048K)
 Metaspace       used 104187K, committed 104960K, reserved 1146880K
  class space    used 13883K, committed 14208K, reserved 1048576K
}
Event: 48.926 GC heap before
{Heap before GC invocations=42 (full 0):
 garbage-first heap   total 252928K, used 202976K [0x0000000080000000, 0x0000000100000000)
  region size 1024K, 70 young (71680K), 2 survivors (2048K)
 Metaspace       used 109486K, committed 110208K, reserved 1146880K
  class space    used 14542K, committed 14848K, reserved 1048576K
}
Event: 48.934 GC heap after
{Heap after GC invocations=43 (full 0):
 garbage-first heap   total 252928K, used 135402K [0x0000000080000000, 0x0000000100000000)
  region size 1024K, 5 young (5120K), 5 survivors (5120K)
 Metaspace       used 109486K, committed 110208K, reserved 1146880K
  class space    used 14542K, committed 14848K, reserved 1048576K
}
Event: 50.402 GC heap before
{Heap before GC invocations=44 (full 0):
 garbage-first heap   total 252928K, used 205034K [0x0000000080000000, 0x0000000100000000)
  region size 1024K, 73 young (74752K), 5 survivors (5120K)
 Metaspace       used 113654K, committed 114368K, reserved 1155072K
  class space    used 14997K, committed 15296K, reserved 1048576K
}
Event: 50.414 GC heap after
{Heap after GC invocations=45 (full 0):
 garbage-first heap   total 252928K, used 141660K [0x0000000080000000, 0x0000000100000000)
  region size 1024K, 10 young (10240K), 10 survivors (10240K)
 Metaspace       used 113654K, committed 114368K, reserved 1155072K
  class space    used 14997K, committed 15296K, reserved 1048576K
}
Event: 50.456 GC heap before
{Heap before GC invocations=45 (full 0):
 garbage-first heap   total 252928K, used 143708K [0x0000000080000000, 0x0000000100000000)
  region size 1024K, 12 young (12288K), 10 survivors (10240K)
 Metaspace       used 113676K, committed 114368K, reserved 1155072K
  class space    used 14997K, committed 15296K, reserved 1048576K
}
Event: 50.467 GC heap after
{Heap after GC invocations=46 (full 0):
 garbage-first heap   total 252928K, used 142329K [0x0000000080000000, 0x0000000100000000)
  region size 1024K, 2 young (2048K), 2 survivors (2048K)
 Metaspace       used 113676K, committed 114368K, reserved 1155072K
  class space    used 14997K, committed 15296K, reserved 1048576K
}
Event: 52.114 GC heap before
{Heap before GC invocations=46 (full 0):
 garbage-first heap   total 252928K, used 206841K [0x0000000080000000, 0x0000000100000000)
  region size 1024K, 65 young (66560K), 2 survivors (2048K)
 Metaspace       used 121171K, committed 121920K, reserved 1155072K
  class space    used 15856K, committed 16192K, reserved 1048576K
}

Dll operation events (2 events):
Event: 0.047 Loaded shared library C:\Program Files\Android\Android Studio\jbr\bin\java.dll
Event: 1.027 Loaded shared library C:\Program Files\Android\Android Studio\jbr\bin\verify.dll

Deoptimization events (20 events):
Event: 51.514 Thread 0x00000297ee6b7380 Uncommon trap: trap_request=0xffffffde fr.pc=0x00000297de303a54 relative=0x0000000000000554
Event: 51.514 Thread 0x00000297ee6b7380 Uncommon trap: reason=class_check action=maybe_recompile pc=0x00000297de303a54 method=org.jetbrains.kotlin.storage.LockBasedStorageManager$LockBasedLazyValue.invoke()Ljava/lang/Object; @ 24 c2
Event: 51.514 Thread 0x00000297ee6b7380 DEOPT PACKING pc=0x00000297de303a54 sp=0x000000b27a9f4570
Event: 51.514 Thread 0x00000297ee6b7380 DEOPT UNPACKING pc=0x00000297dd8a69a3 sp=0x000000b27a9f44c0 mode 2
Event: 51.514 Thread 0x00000297ee6b7380 Uncommon trap: trap_request=0xffffffde fr.pc=0x00000297de303a54 relative=0x0000000000000554
Event: 51.514 Thread 0x00000297ee6b7380 Uncommon trap: reason=class_check action=maybe_recompile pc=0x00000297de303a54 method=org.jetbrains.kotlin.storage.LockBasedStorageManager$LockBasedLazyValue.invoke()Ljava/lang/Object; @ 24 c2
Event: 51.514 Thread 0x00000297ee6b7380 DEOPT PACKING pc=0x00000297de303a54 sp=0x000000b27a9f45d0
Event: 51.514 Thread 0x00000297ee6b7380 DEOPT UNPACKING pc=0x00000297dd8a69a3 sp=0x000000b27a9f4520 mode 2
Event: 51.514 Thread 0x00000297ee6b7380 Uncommon trap: trap_request=0xffffffde fr.pc=0x00000297de2b00f4 relative=0x0000000000001d94
Event: 51.514 Thread 0x00000297ee6b7380 Uncommon trap: reason=class_check action=maybe_recompile pc=0x00000297de2b00f4 method=org.jetbrains.kotlin.storage.LockBasedStorageManager$LockBasedLazyValue.invoke()Ljava/lang/Object; @ 24 c2
Event: 51.514 Thread 0x00000297ee6b7380 DEOPT PACKING pc=0x00000297de2b00f4 sp=0x000000b27a9f4760
Event: 51.514 Thread 0x00000297ee6b7380 DEOPT UNPACKING pc=0x00000297dd8a69a3 sp=0x000000b27a9f44f0 mode 2
Event: 51.520 Thread 0x00000297ee6b7380 Uncommon trap: trap_request=0xffffffde fr.pc=0x00000297de303a54 relative=0x0000000000000554
Event: 51.520 Thread 0x00000297ee6b7380 Uncommon trap: reason=class_check action=maybe_recompile pc=0x00000297de303a54 method=org.jetbrains.kotlin.storage.LockBasedStorageManager$LockBasedLazyValue.invoke()Ljava/lang/Object; @ 24 c2
Event: 51.520 Thread 0x00000297ee6b7380 DEOPT PACKING pc=0x00000297de303a54 sp=0x000000b27a9f4530
Event: 51.520 Thread 0x00000297ee6b7380 DEOPT UNPACKING pc=0x00000297dd8a69a3 sp=0x000000b27a9f4480 mode 2
Event: 51.520 Thread 0x00000297ee6b7380 Uncommon trap: trap_request=0xffffffde fr.pc=0x00000297de2b8b5c relative=0x000000000000037c
Event: 51.520 Thread 0x00000297ee6b7380 Uncommon trap: reason=class_check action=maybe_recompile pc=0x00000297de2b8b5c method=org.jetbrains.kotlin.storage.LockBasedStorageManager$LockBasedLazyValue.invoke()Ljava/lang/Object; @ 24 c2
Event: 51.520 Thread 0x00000297ee6b7380 DEOPT PACKING pc=0x00000297de2b8b5c sp=0x000000b27a9f40c0
Event: 51.520 Thread 0x00000297ee6b7380 DEOPT UNPACKING pc=0x00000297dd8a69a3 sp=0x000000b27a9f4060 mode 2

Classes unloaded (0 events):
No events

Classes redefined (0 events):
No events

Internal exceptions (20 events):
Event: 22.776 Thread 0x00000297ee6b7380 Implicit null exception at 0x00000297de0bad14 to 0x00000297de0bb3e4
Event: 23.827 Thread 0x00000297ee6b7380 Exception <a 'java/lang/NoSuchMethodError'{0x000000008c7b6b18}: 'java.lang.Object java.lang.invoke.DirectMethodHandle$Holder.newInvokeSpecial(java.lang.Object, java.lang.Object, java.lang.Object, java.lang.Object, int)'> (0x000000008c7b6b18) 
thrown [s\src\hotspot\share\interpreter\linkResolver.cpp, line 771]
Event: 23.828 Thread 0x00000297ee6b7380 Exception <a 'java/lang/NoSuchMethodError'{0x000000008c7bbf60}: 'java.lang.Object java.lang.invoke.DirectMethodHandle$Holder.invokeSpecial(java.lang.Object, java.lang.Object, java.lang.Object, java.lang.Object, java.lang.Object, int)'> (0x000000008c7bbf60) 
thrown [s\src\hotspot\share\interpreter\linkResolver.cpp, line 771]
Event: 23.829 Thread 0x00000297ee6b7380 Exception <a 'java/lang/NoSuchMethodError'{0x000000008c7c0ce0}: 'java.lang.Object java.lang.invoke.Invokers$Holder.linkToTargetMethod(java.lang.Object, java.lang.Object, java.lang.Object, int, java.lang.Object)'> (0x000000008c7c0ce0) 
thrown [s\src\hotspot\share\interpreter\linkResolver.cpp, line 771]
Event: 24.411 Thread 0x00000297ee6b7380 Exception <a 'java/lang/NoSuchMethodError'{0x000000008ba994b0}: 'int java.lang.invoke.DirectMethodHandle$Holder.invokeInterface(java.lang.Object, java.lang.Object, java.lang.Object, java.lang.Object)'> (0x000000008ba994b0) 
thrown [s\src\hotspot\share\interpreter\linkResolver.cpp, line 771]
Event: 25.603 Thread 0x00000297ee6b7380 Exception <a 'java/lang/IncompatibleClassChangeError'{0x0000000089b23e20}: Found class java.lang.Object, but interface was expected> (0x0000000089b23e20) 
thrown [s\src\hotspot\share\interpreter\linkResolver.cpp, line 838]
Event: 25.755 Thread 0x00000297ee6b7380 Implicit null exception at 0x00000297de0928d4 to 0x00000297de092a7c
Event: 25.756 Thread 0x00000297ee6b7380 Implicit null exception at 0x00000297de047c96 to 0x00000297de048314
Event: 27.321 Thread 0x00000297ee6b7380 Exception <a 'sun/nio/fs/WindowsException'{0x00000000883b1ca8}> (0x00000000883b1ca8) 
thrown [s\src\hotspot\share\prims\jni.cpp, line 517]
Event: 33.315 Thread 0x00000297ee6b7380 Exception <a 'java/lang/NoSuchMethodError'{0x0000000089eb4f18}: 'long java.lang.invoke.DirectMethodHandle$Holder.invokeStatic(java.lang.Object)'> (0x0000000089eb4f18) 
thrown [s\src\hotspot\share\interpreter\linkResolver.cpp, line 771]
Event: 33.316 Thread 0x00000297ee6b7380 Exception <a 'java/lang/NoSuchMethodError'{0x0000000089eb9b00}: 'long java.lang.invoke.DirectMethodHandle$Holder.invokeStaticInit(java.lang.Object)'> (0x0000000089eb9b00) 
thrown [s\src\hotspot\share\interpreter\linkResolver.cpp, line 771]
Event: 39.355 Thread 0x00000297ee6b7380 Exception <a 'java/lang/NoSuchMethodError'{0x000000008d129c20}: 'java.lang.Object java.lang.invoke.Invokers$Holder.invoke_MT(java.lang.Object, java.lang.Object, java.lang.Object)'> (0x000000008d129c20) 
thrown [s\src\hotspot\share\interpreter\linkResolver.cpp, line 771]
Event: 43.342 Thread 0x00000297ee6b7380 Implicit null exception at 0x00000297de19dcec to 0x00000297de19fc4c
Event: 43.342 Thread 0x00000297ee6b7380 Implicit null exception at 0x00000297de19b399 to 0x00000297de19bf8c
Event: 43.451 Thread 0x00000297ee6b7380 Implicit null exception at 0x00000297de18d880 to 0x00000297de18d905
Event: 48.259 Thread 0x00000297ee6b7380 Exception <a 'java/lang/NoSuchMethodError'{0x000000008e1885b0}: 'java.lang.Object java.lang.invoke.DirectMethodHandle$Holder.invokeStatic(java.lang.Object, java.lang.Object, java.lang.Object, java.lang.Object, int)'> (0x000000008e1885b0) 
thrown [s\src\hotspot\share\interpreter\linkResolver.cpp, line 771]
Event: 50.197 Thread 0x00000297ee6b7380 Exception <a 'java/lang/IncompatibleClassChangeError'{0x000000008bb99498}: Found class java.lang.Object, but interface was expected> (0x000000008bb99498) 
thrown [s\src\hotspot\share\interpreter\linkResolver.cpp, line 838]
Event: 50.210 Thread 0x00000297ee6b7380 Exception <a 'java/lang/NoSuchMethodError'{0x000000008ba19c10}: 'int java.lang.invoke.DirectMethodHandle$Holder.invokeStaticInit(java.lang.Object, int)'> (0x000000008ba19c10) 
thrown [s\src\hotspot\share\interpreter\linkResolver.cpp, line 771]
Event: 50.757 Thread 0x00000297ee6b7380 Implicit null exception at 0x00000297dde57e09 to 0x00000297dde57ef0
Event: 51.794 Thread 0x00000297ee6b7380 Exception <a 'java/lang/NoSuchMethodError'{0x000000008c5e76c8}: 'java.lang.Object java.lang.invoke.DirectMethodHandle$Holder.newInvokeSpecial(java.lang.Object, java.lang.Object, java.lang.Object, int, int, java.lang.Object, java.lang.Object)'> (0x000000008c5e76c8) 
thrown [s\src\hotspot\share\interpreter\linkResolver.cpp, line 771]

VM Operations (20 events):
Event: 50.792 Executing VM operation: HandshakeAllThreads done
Event: 50.803 Executing VM operation: HandshakeAllThreads
Event: 50.803 Executing VM operation: HandshakeAllThreads done
Event: 50.835 Executing VM operation: HandshakeAllThreads
Event: 50.835 Executing VM operation: HandshakeAllThreads done
Event: 50.931 Executing VM operation: ICBufferFull
Event: 50.932 Executing VM operation: ICBufferFull done
Event: 51.372 Executing VM operation: HandshakeAllThreads
Event: 51.372 Executing VM operation: HandshakeAllThreads done
Event: 51.383 Executing VM operation: HandshakeAllThreads
Event: 51.384 Executing VM operation: HandshakeAllThreads done
Event: 51.433 Executing VM operation: HandshakeAllThreads
Event: 51.433 Executing VM operation: HandshakeAllThreads done
Event: 51.545 Executing VM operation: ICBufferFull
Event: 51.545 Executing VM operation: ICBufferFull done
Event: 51.823 Executing VM operation: HandshakeAllThreads
Event: 51.823 Executing VM operation: HandshakeAllThreads done
Event: 51.931 Executing VM operation: HandshakeAllThreads
Event: 51.931 Executing VM operation: HandshakeAllThreads done
Event: 52.113 Executing VM operation: G1CollectForAllocation

Events (20 events):
Event: 50.033 Thread 0x00000297ed811d40 flushing nmethod 0x00000297d7357090
Event: 50.033 Thread 0x00000297ed811d40 flushing nmethod 0x00000297d735f990
Event: 50.033 Thread 0x00000297ed811d40 flushing nmethod 0x00000297d7363710
Event: 50.033 Thread 0x00000297ed811d40 flushing nmethod 0x00000297d7363b90
Event: 50.033 Thread 0x00000297ed811d40 flushing nmethod 0x00000297d736ae10
Event: 50.033 Thread 0x00000297ed811d40 flushing nmethod 0x00000297d736c390
Event: 50.033 Thread 0x00000297ed811d40 flushing nmethod 0x00000297d73a9790
Event: 50.033 Thread 0x00000297ed811d40 flushing nmethod 0x00000297d73ab190
Event: 50.034 Thread 0x00000297ed811d40 flushing nmethod 0x00000297d73e4d90
Event: 50.034 Thread 0x00000297ed811d40 flushing nmethod 0x00000297d73e9110
Event: 50.034 Thread 0x00000297ed811d40 flushing nmethod 0x00000297d7411310
Event: 50.034 Thread 0x00000297ed811d40 flushing nmethod 0x00000297d7422a10
Event: 50.034 Thread 0x00000297ed811d40 flushing nmethod 0x00000297d7431f10
Event: 50.034 Thread 0x00000297ed811d40 flushing nmethod 0x00000297d743c110
Event: 50.034 Thread 0x00000297ed811d40 flushing nmethod 0x00000297d743c510
Event: 50.034 Thread 0x00000297ed811d40 flushing nmethod 0x00000297d743ed90
Event: 50.034 Thread 0x00000297ed811d40 flushing nmethod 0x00000297d743f690
Event: 50.034 Thread 0x00000297ed811d40 flushing nmethod 0x00000297d748c390
Event: 50.035 Thread 0x00000297ed811d40 flushing nmethod 0x00000297d7501e90
Event: 51.763 Thread 0x00000297ee5e0080 Thread exited: 0x00000297ee5e0080


Dynamic libraries:
0x00007ff774c50000 - 0x00007ff774c5a000 	C:\Program Files\Android\Android Studio\jbr\bin\java.exe
0x00007fff9a3f0000 - 0x00007fff9a607000 	C:\WINDOWS\SYSTEM32\ntdll.dll
0x00007fff991b0000 - 0x00007fff99274000 	C:\WINDOWS\System32\KERNEL32.DLL
0x00007fff97900000 - 0x00007fff97ca5000 	C:\WINDOWS\System32\KERNELBASE.dll
0x00007fff977e0000 - 0x00007fff978f1000 	C:\WINDOWS\System32\ucrtbase.dll
0x00007fff62290000 - 0x00007fff622ab000 	C:\Program Files\Android\Android Studio\jbr\bin\VCRUNTIME140.dll
0x00007fff555d0000 - 0x00007fff555e7000 	C:\Program Files\Android\Android Studio\jbr\bin\jli.dll
0x00007fff99000000 - 0x00007fff991ae000 	C:\WINDOWS\System32\USER32.dll
0x00007fff97cb0000 - 0x00007fff97cd6000 	C:\WINDOWS\System32\win32u.dll
0x00007fff983a0000 - 0x00007fff983c9000 	C:\WINDOWS\System32\GDI32.dll
0x00007fff7a0e0000 - 0x00007fff7a373000 	C:\WINDOWS\WinSxS\amd64_microsoft.windows.common-controls_6595b64144ccf1df_6.0.22621.2506_none_270c5ae97388e100\COMCTL32.dll
0x00007fff97da0000 - 0x00007fff97eb9000 	C:\WINDOWS\System32\gdi32full.dll
0x00007fff97f30000 - 0x00007fff97fca000 	C:\WINDOWS\System32\msvcp_win.dll
0x00007fff99420000 - 0x00007fff994c7000 	C:\WINDOWS\System32\msvcrt.dll
0x00007fff989e0000 - 0x00007fff98a11000 	C:\WINDOWS\System32\IMM32.DLL
0x00007fff79f70000 - 0x00007fff79f7c000 	C:\Program Files\Android\Android Studio\jbr\bin\vcruntime140_1.dll
0x00007fff58d40000 - 0x00007fff58dcd000 	C:\Program Files\Android\Android Studio\jbr\bin\msvcp140.dll
0x00007fff2fb60000 - 0x00007fff307ce000 	C:\Program Files\Android\Android Studio\jbr\bin\server\jvm.dll
0x00007fff98590000 - 0x00007fff98641000 	C:\WINDOWS\System32\ADVAPI32.dll
0x00007fff98140000 - 0x00007fff981e6000 	C:\WINDOWS\System32\sechost.dll
0x00007fff99e50000 - 0x00007fff99f67000 	C:\WINDOWS\System32\RPCRT4.dll
0x00007fff8fc90000 - 0x00007fff8fc9a000 	C:\WINDOWS\SYSTEM32\VERSION.dll
0x00007fff90020000 - 0x00007fff90054000 	C:\WINDOWS\SYSTEM32\WINMM.dll
0x00007fff757c0000 - 0x00007fff757c9000 	C:\WINDOWS\SYSTEM32\WSOCK32.dll
0x00007fff99280000 - 0x00007fff992f1000 	C:\WINDOWS\System32\WS2_32.dll
0x00007fff96760000 - 0x00007fff96778000 	C:\WINDOWS\SYSTEM32\kernel.appcore.dll
0x00007fff74b00000 - 0x00007fff74b0a000 	C:\Program Files\Android\Android Studio\jbr\bin\jimage.dll
0x00007fff95180000 - 0x00007fff953b3000 	C:\WINDOWS\SYSTEM32\DBGHELP.DLL
0x00007fff99f70000 - 0x00007fff9a2f9000 	C:\WINDOWS\System32\combase.dll
0x00007fff98870000 - 0x00007fff98947000 	C:\WINDOWS\System32\OLEAUT32.dll
0x00007fff86a20000 - 0x00007fff86a52000 	C:\WINDOWS\SYSTEM32\dbgcore.DLL
0x00007fff97760000 - 0x00007fff977da000 	C:\WINDOWS\System32\bcryptPrimitives.dll
0x00007fff55950000 - 0x00007fff55975000 	C:\Program Files\Android\Android Studio\jbr\bin\java.dll
0x00007fff55930000 - 0x00007fff55948000 	C:\Program Files\Android\Android Studio\jbr\bin\zip.dll
0x00007fff995e0000 - 0x00007fff99e39000 	C:\WINDOWS\System32\SHELL32.dll
0x00007fff95680000 - 0x00007fff95f74000 	C:\WINDOWS\SYSTEM32\windows.storage.dll
0x00007fff95540000 - 0x00007fff9567e000 	C:\WINDOWS\SYSTEM32\wintypes.dll
0x00007fff98a20000 - 0x00007fff98b13000 	C:\WINDOWS\System32\SHCORE.dll
0x00007fff98340000 - 0x00007fff9839e000 	C:\WINDOWS\System32\shlwapi.dll
0x00007fff97690000 - 0x00007fff976b6000 	C:\WINDOWS\SYSTEM32\profapi.dll
0x00007fff55910000 - 0x00007fff55929000 	C:\Program Files\Android\Android Studio\jbr\bin\net.dll
0x00007fff8f900000 - 0x00007fff8fa37000 	C:\WINDOWS\SYSTEM32\WINHTTP.dll
0x00007fff96be0000 - 0x00007fff96c49000 	C:\WINDOWS\system32\mswsock.dll
0x00007fff558f0000 - 0x00007fff55906000 	C:\Program Files\Android\Android Studio\jbr\bin\nio.dll
0x00007fff74350000 - 0x00007fff74360000 	C:\Program Files\Android\Android Studio\jbr\bin\verify.dll
0x00007fff89fb0000 - 0x00007fff89fd7000 	C:\Users\Admin\.gradle\native\68d5fa5c4cc2d200863cafc0d521ce42e7d3e7ee720ec0a83991735586a16f82\windows-amd64\native-platform.dll
0x00007fff58bf0000 - 0x00007fff58d34000 	C:\Users\Admin\.gradle\native\e376f236ea51e6404a007f0833ffe2c6e607c4080706a723a18a27aeea778392\windows-amd64\native-platform-file-events.dll
0x00007fff74140000 - 0x00007fff74149000 	C:\Program Files\Android\Android Studio\jbr\bin\management.dll
0x00007fff73fe0000 - 0x00007fff73feb000 	C:\Program Files\Android\Android Studio\jbr\bin\management_ext.dll
0x00007fff989c0000 - 0x00007fff989c8000 	C:\WINDOWS\System32\PSAPI.DLL
0x00007fff96e30000 - 0x00007fff96e4b000 	C:\WINDOWS\SYSTEM32\CRYPTSP.dll
0x00007fff966c0000 - 0x00007fff966f5000 	C:\WINDOWS\system32\rsaenh.dll
0x00007fff96cd0000 - 0x00007fff96cfc000 	C:\WINDOWS\SYSTEM32\USERENV.dll
0x00007fff97020000 - 0x00007fff97048000 	C:\WINDOWS\SYSTEM32\bcrypt.dll
0x00007fff96e50000 - 0x00007fff96e5c000 	C:\WINDOWS\SYSTEM32\CRYPTBASE.dll
0x00007fff961e0000 - 0x00007fff9620d000 	C:\WINDOWS\SYSTEM32\IPHLPAPI.DLL
0x00007fff98b20000 - 0x00007fff98b29000 	C:\WINDOWS\System32\NSI.dll
0x00007fff8f710000 - 0x00007fff8f729000 	C:\WINDOWS\SYSTEM32\dhcpcsvc6.DLL
0x00007fff8f6d0000 - 0x00007fff8f6ef000 	C:\WINDOWS\SYSTEM32\dhcpcsvc.DLL
0x00007fff96250000 - 0x00007fff96349000 	C:\WINDOWS\SYSTEM32\DNSAPI.dll
0x00007fff72630000 - 0x00007fff72638000 	C:\WINDOWS\system32\wshunix.dll

dbghelp: loaded successfully - version: 4.0.5 - missing functions: none
symbol engine: initialized successfully - sym options: 0x614 - pdb path: .;C:\Program Files\Android\Android Studio\jbr\bin;C:\WINDOWS\SYSTEM32;C:\WINDOWS\WinSxS\amd64_microsoft.windows.common-controls_6595b64144ccf1df_6.0.22621.2506_none_270c5ae97388e100;C:\Program Files\Android\Android Studio\jbr\bin\server;C:\Users\Admin\.gradle\native\68d5fa5c4cc2d200863cafc0d521ce42e7d3e7ee720ec0a83991735586a16f82\windows-amd64;C:\Users\Admin\.gradle\native\e376f236ea51e6404a007f0833ffe2c6e607c4080706a723a18a27aeea778392\windows-amd64

VM Arguments:
jvm_args: --add-opens=java.base/java.util=ALL-UNNAMED --add-opens=java.base/java.lang=ALL-UNNAMED --add-opens=java.base/java.lang.invoke=ALL-UNNAMED --add-opens=java.prefs/java.util.prefs=ALL-UNNAMED --add-opens=java.base/java.nio.charset=ALL-UNNAMED --add-opens=java.base/java.net=ALL-UNNAMED --add-opens=java.base/java.util.concurrent.atomic=ALL-UNNAMED -Xmx2048m -Dfile.encoding=UTF-8 -Duser.country=MY -Duser.language=en -Duser.variant 
java_command: org.gradle.launcher.daemon.bootstrap.GradleDaemon 8.0
java_class_path (initial): C:\Users\Admin\.gradle\wrapper\dists\gradle-8.0-bin\ca5e32bp14vu59qr306oxotwh\gradle-8.0\lib\gradle-launcher-8.0.jar
Launcher Type: SUN_STANDARD

[Global flags]
     intx CICompilerCount                          = 4                                         {product} {ergonomic}
     uint ConcGCThreads                            = 2                                         {product} {ergonomic}
     uint G1ConcRefinementThreads                  = 8                                         {product} {ergonomic}
   size_t G1HeapRegionSize                         = 1048576                                   {product} {ergonomic}
    uintx GCDrainStackTargetSize                   = 64                                        {product} {ergonomic}
   size_t InitialHeapSize                          = 56623104                                  {product} {ergonomic}
   size_t MarkStackSize                            = 4194304                                   {product} {ergonomic}
   size_t MaxHeapSize                              = 2147483648                                {product} {command line}
   size_t MaxNewSize                               = 1287651328                                {product} {ergonomic}
   size_t MinHeapDeltaBytes                        = 1048576                                   {product} {ergonomic}
   size_t MinHeapSize                              = 8388608                                   {product} {ergonomic}
    uintx NonNMethodCodeHeapSize                   = 5839372                                {pd product} {ergonomic}
    uintx NonProfiledCodeHeapSize                  = 122909434                              {pd product} {ergonomic}
    uintx ProfiledCodeHeapSize                     = 122909434                              {pd product} {ergonomic}
    uintx ReservedCodeCacheSize                    = 251658240                              {pd product} {ergonomic}
     bool SegmentedCodeCache                       = true                                      {product} {ergonomic}
   size_t SoftMaxHeapSize                          = 2147483648                             {manageable} {ergonomic}
     bool UseCompressedClassPointers               = true                           {product lp64_product} {ergonomic}
     bool UseCompressedOops                        = true                           {product lp64_product} {ergonomic}
     bool UseG1GC                                  = true                                      {product} {ergonomic}
     bool UseLargePagesIndividualAllocation        = false                                  {pd product} {ergonomic}

Logging:
Log output configuration:
 #0: stdout all=warning uptime,level,tags
 #1: stderr all=off uptime,level,tags

Environment Variables:
PATH=C:\ProgramData\Oracle\Java\javapath;C:\Users\Admin\Desktop\NEW\app\oracle\product\11.2.0\server\bin;C:\WINDOWS\system32;C:\WINDOWS;C:\WINDOWS\System32\Wbem;C:\WINDOWS\System32\WindowsPowerShell\v1.0\;C:\WINDOWS\System32\OpenSSH\;C:\Program Files\Git\cmd;C:\Users\Admin\AppData\Local\Microsoft\WindowsApps;C:\Users\Admin\AppData\Local\Programs\Microsoft VS Code\bin;C:\msys64\mingw64\bin;
USERNAME=Admin
OS=Windows_NT
PROCESSOR_IDENTIFIER=AMD64 Family 23 Model 104 Stepping 1, AuthenticAMD
TMP=C:\Users\Admin\AppData\Local\Temp
TEMP=C:\Users\Admin\AppData\Local\Temp


JNI global refs:
JNI global refs: 24, weak refs: 1

JNI global refs memory usage: 843, weak refs: 841


---------------  S Y S T E M  ---------------

OS:
 Windows 11 , 64 bit Build 22621 (10.0.22621.2506)
OS uptime: 3 days 3:39 hours

CPU: total 8 (initial active 8) (8 cores per cpu, 2 threads per core) family 23 model 104 stepping 1 microcode 0x0, cx8, cmov, fxsr, ht, mmx, 3dnowpref, sse, sse2, sse3, ssse3, sse4a, sse4.1, sse4.2, popcnt, lzcnt, tsc, tscinvbit, avx, avx2, aes, clmul, bmi1, bmi2, adx, sha, fma, vzeroupper, clflush, clflushopt

Memory: 4k page, system-wide physical 3446M (332M free)
TotalPageFile size 14198M (AvailPageFile size 25M)
current process WorkingSet (physical memory assigned to process): 401M, peak: 401M
current process commit charge ("private bytes"): 605M, peak: 938M

vm_info: OpenJDK 64-Bit Server VM (17.0.6+0-b2043.56-10027231) for windows-amd64 JRE (17.0.6+0-b2043.56-10027231), built on Apr 28 2023 00:43:19 by "androidbuild" with MS VC++ 16.10 / 16.11 (VS2019)

END.
